h:\year 2 v2\secure software\assignment 2\032\secsat32launcher\release\vc141.pdb
h:\year 2 v2\secure software\assignment 2\032\secsat32launcher\release\about.nativecodeanalysis.xml
h:\year 2 v2\secure software\assignment 2\032\secsat32launcher\release\about.obj
h:\year 2 v2\secure software\assignment 2\032\secsat32launcher\release\secsat32.res
h:\year 2 v2\secure software\assignment 2\032\release\secsat32launcher.exe
h:\year 2 v2\secure software\assignment 2\032\release\secsat32launcher.pdb
h:\year 2 v2\secure software\assignment 2\032\release\secsat32launcher.ipdb
h:\year 2 v2\secure software\assignment 2\032\release\secsat32launcher.iobj
h:\year 2 v2\secure software\assignment 2\032\secsat32launcher\release\nativecodeanalysis.read.1.tlog
h:\year 2 v2\secure software\assignment 2\032\secsat32launcher\release\vc.nativecodeanalysis.all.xml
h:\year 2 v2\secure software\assignment 2\032\release\secsat32launcher.exe.lastcodeanalysissucceeded
h:\year 2 v2\secure software\assignment 2\032\secsat32launcher\release\secsat32launcher.tlog\cl.read.1.tlog
h:\year 2 v2\secure software\assignment 2\032\secsat32launcher\release\secsat32launcher.tlog\cl.write.1.tlog
h:\year 2 v2\secure software\assignment 2\032\secsat32launcher\release\secsat32launcher.tlog\cl.command.1.tlog
h:\year 2 v2\secure software\assignment 2\032\secsat32launcher\release\secsat32launcher.tlog\rc.read.1.tlog
h:\year 2 v2\secure software\assignment 2\032\secsat32launcher\release\secsat32launcher.tlog\rc.write.1.tlog
h:\year 2 v2\secure software\assignment 2\032\secsat32launcher\release\secsat32launcher.tlog\rc.command.1.tlog
h:\year 2 v2\secure software\assignment 2\032\secsat32launcher\release\secsat32launcher.tlog\link.read.1.tlog
h:\year 2 v2\secure software\assignment 2\032\secsat32launcher\release\secsat32launcher.tlog\link.write.1.tlog
h:\year 2 v2\secure software\assignment 2\032\secsat32launcher\release\secsat32launcher.tlog\link.command.1.tlog
h:\year 2 v2\secure software\assignment 2\032\secsat32launcher\release\secsat32launcher.tlog\secsat32launcher.write.1u.tlog
