h:\year 2 v2\secure software\assignment 2\032\secsat32\release\secsat32.pdb
h:\year 2 v2\secure software\assignment 2\032\secsat32\release\loginresult.nativecodeanalysis.xml
h:\year 2 v2\secure software\assignment 2\032\secsat32\release\logincontroller.nativecodeanalysis.xml
h:\year 2 v2\secure software\assignment 2\032\secsat32\release\satellitemodellogger.nativecodeanalysis.xml
h:\year 2 v2\secure software\assignment 2\032\secsat32\release\sensor.nativecodeanalysis.xml
h:\year 2 v2\secure software\assignment 2\032\secsat32\release\gravityanomalysimulator.nativecodeanalysis.xml
h:\year 2 v2\secure software\assignment 2\032\secsat32\release\securityexceptioncontroller.nativecodeanalysis.xml
h:\year 2 v2\secure software\assignment 2\032\secsat32\release\secureint32.nativecodeanalysis.xml
h:\year 2 v2\secure software\assignment 2\032\secsat32\release\loggedsatellitemodelfactory.nativecodeanalysis.xml
h:\year 2 v2\secure software\assignment 2\032\secsat32\release\permissionchecker.nativecodeanalysis.xml
h:\year 2 v2\secure software\assignment 2\032\secsat32\release\loggerfactory.nativecodeanalysis.xml
h:\year 2 v2\secure software\assignment 2\032\secsat32\release\loggerdecorator.nativecodeanalysis.xml
h:\year 2 v2\secure software\assignment 2\032\secsat32\release\textlogger.nativecodeanalysis.xml
h:\year 2 v2\secure software\assignment 2\032\secsat32\release\secureuint32.nativecodeanalysis.xml
h:\year 2 v2\secure software\assignment 2\032\secsat32\release\dialogview.nativecodeanalysis.xml
h:\year 2 v2\secure software\assignment 2\032\secsat32\release\cryptography.nativecodeanalysis.xml
h:\year 2 v2\secure software\assignment 2\032\secsat32\release\binarylogger.nativecodeanalysis.xml
h:\year 2 v2\secure software\assignment 2\032\secsat32\release\authenticationrepository.nativecodeanalysis.xml
h:\year 2 v2\secure software\assignment 2\032\secsat32\release\authenticationfactory.nativecodeanalysis.xml
h:\year 2 v2\secure software\assignment 2\032\secsat32\release\application.nativecodeanalysis.xml
h:\year 2 v2\secure software\assignment 2\032\secsat32\release\activethermalcontrolsystem.nativecodeanalysis.xml
h:\year 2 v2\secure software\assignment 2\032\secsat32\release\activethermalcontrolsystem.obj
h:\year 2 v2\secure software\assignment 2\032\secsat32\release\application.obj
h:\year 2 v2\secure software\assignment 2\032\secsat32\release\authenticationfactory.obj
h:\year 2 v2\secure software\assignment 2\032\secsat32\release\authenticationrepository.obj
h:\year 2 v2\secure software\assignment 2\032\secsat32\release\binarylogger.obj
h:\year 2 v2\secure software\assignment 2\032\secsat32\release\cryptography.obj
h:\year 2 v2\secure software\assignment 2\032\secsat32\release\dialogview.obj
h:\year 2 v2\secure software\assignment 2\032\secsat32\release\secureuint32.obj
h:\year 2 v2\secure software\assignment 2\032\secsat32\release\textlogger.obj
h:\year 2 v2\secure software\assignment 2\032\secsat32\release\loggerdecorator.obj
h:\year 2 v2\secure software\assignment 2\032\secsat32\release\loggerfactory.obj
h:\year 2 v2\secure software\assignment 2\032\secsat32\release\permissionchecker.obj
h:\year 2 v2\secure software\assignment 2\032\secsat32\release\loggedsatellitemodelfactory.obj
h:\year 2 v2\secure software\assignment 2\032\secsat32\release\secureint32.obj
h:\year 2 v2\secure software\assignment 2\032\secsat32\release\securityexceptioncontroller.obj
h:\year 2 v2\secure software\assignment 2\032\secsat32\release\gravityanomalysimulator.obj
h:\year 2 v2\secure software\assignment 2\032\secsat32\release\sensor.obj
h:\year 2 v2\secure software\assignment 2\032\secsat32\release\satellitemodellogger.obj
h:\year 2 v2\secure software\assignment 2\032\secsat32\release\logincontroller.obj
h:\year 2 v2\secure software\assignment 2\032\secsat32\release\loginresult.obj
h:\year 2 v2\secure software\assignment 2\032\secsat32\release\userdetails.nativecodeanalysis.xml
h:\year 2 v2\secure software\assignment 2\032\secsat32\release\unitconverter.nativecodeanalysis.xml
h:\year 2 v2\secure software\assignment 2\032\secsat32\release\timer.nativecodeanalysis.xml
h:\year 2 v2\secure software\assignment 2\032\secsat32\release\subject.nativecodeanalysis.xml
h:\year 2 v2\secure software\assignment 2\032\secsat32\release\satellitemodel.nativecodeanalysis.xml
h:\year 2 v2\secure software\assignment 2\032\secsat32\release\satelliteview.nativecodeanalysis.xml
h:\year 2 v2\secure software\assignment 2\032\secsat32\release\satellitecontroller.nativecodeanalysis.xml
h:\year 2 v2\secure software\assignment 2\032\secsat32\release\main.nativecodeanalysis.xml
h:\year 2 v2\secure software\assignment 2\032\secsat32\release\kelvinsimulator.nativecodeanalysis.xml
h:\year 2 v2\secure software\assignment 2\032\secsat32\release\solarradiationsimulator.nativecodeanalysis.xml
h:\year 2 v2\secure software\assignment 2\032\secsat32\release\settingscontroller.nativecodeanalysis.xml
h:\year 2 v2\secure software\assignment 2\032\secsat32\release\settingsview.nativecodeanalysis.xml
h:\year 2 v2\secure software\assignment 2\032\secsat32\release\securityexceptionview.nativecodeanalysis.xml
h:\year 2 v2\secure software\assignment 2\032\secsat32\release\securestring.nativecodeanalysis.xml
h:\year 2 v2\secure software\assignment 2\032\secsat32\release\securedouble.nativecodeanalysis.xml
h:\year 2 v2\secure software\assignment 2\032\secsat32\release\random.nativecodeanalysis.xml
h:\year 2 v2\secure software\assignment 2\032\secsat32\release\loginview.nativecodeanalysis.xml
h:\year 2 v2\secure software\assignment 2\032\secsat32\release\loginview.obj
h:\year 2 v2\secure software\assignment 2\032\secsat32\release\random.obj
h:\year 2 v2\secure software\assignment 2\032\secsat32\release\securedouble.obj
h:\year 2 v2\secure software\assignment 2\032\secsat32\release\securestring.obj
h:\year 2 v2\secure software\assignment 2\032\secsat32\release\securityexceptionview.obj
h:\year 2 v2\secure software\assignment 2\032\secsat32\release\settingsview.obj
h:\year 2 v2\secure software\assignment 2\032\secsat32\release\settingscontroller.obj
h:\year 2 v2\secure software\assignment 2\032\secsat32\release\solarradiationsimulator.obj
h:\year 2 v2\secure software\assignment 2\032\secsat32\release\kelvinsimulator.obj
h:\year 2 v2\secure software\assignment 2\032\secsat32\release\main.obj
h:\year 2 v2\secure software\assignment 2\032\secsat32\release\satellitecontroller.obj
h:\year 2 v2\secure software\assignment 2\032\secsat32\release\satelliteview.obj
h:\year 2 v2\secure software\assignment 2\032\secsat32\release\satellitemodel.obj
h:\year 2 v2\secure software\assignment 2\032\secsat32\release\subject.obj
h:\year 2 v2\secure software\assignment 2\032\secsat32\release\timer.obj
h:\year 2 v2\secure software\assignment 2\032\secsat32\release\unitconverter.obj
h:\year 2 v2\secure software\assignment 2\032\secsat32\release\userdetails.obj
h:\year 2 v2\secure software\assignment 2\032\secsat32\release\secsat32.res
h:\year 2 v2\secure software\assignment 2\032\release\secsat32.lib
h:\year 2 v2\secure software\assignment 2\032\secsat32\release\nativecodeanalysis.read.1.tlog
h:\year 2 v2\secure software\assignment 2\032\secsat32\release\vc.nativecodeanalysis.all.xml
h:\year 2 v2\secure software\assignment 2\032\release\secsat32.lib.lastcodeanalysissucceeded
h:\year 2 v2\secure software\assignment 2\032\secsat32\release\secsat32.tlog\cl.read.1.tlog
h:\year 2 v2\secure software\assignment 2\032\secsat32\release\secsat32.tlog\cl.write.1.tlog
h:\year 2 v2\secure software\assignment 2\032\secsat32\release\secsat32.tlog\cl.command.1.tlog
h:\year 2 v2\secure software\assignment 2\032\secsat32\release\secsat32.tlog\rc.read.1.tlog
h:\year 2 v2\secure software\assignment 2\032\secsat32\release\secsat32.tlog\rc.write.1.tlog
h:\year 2 v2\secure software\assignment 2\032\secsat32\release\secsat32.tlog\rc.command.1.tlog
h:\year 2 v2\secure software\assignment 2\032\secsat32\release\secsat32.tlog\lib-link-cvtres.read.1.tlog
h:\year 2 v2\secure software\assignment 2\032\secsat32\release\secsat32.tlog\lib-link-cvtres.write.1.tlog
h:\year 2 v2\secure software\assignment 2\032\secsat32\release\secsat32.tlog\lib.command.1.tlog
