Temp (°C): 9.61109 | Solar Rad. (W/m²): 0 | Grav. Anomaly (mGal): 0 | ATCS Status: On | Outside Operational Temp: No | Operational: Yes
Temp (°C): 1.99692 | Solar Rad. (W/m²): 0 | Grav. Anomaly (mGal): -50.9815 | ATCS Status: On | Outside Operational Temp: No | Operational: Yes
Temp (°C): 1.99692 | Solar Rad. (W/m²): 0 | Grav. Anomaly (mGal): -50.9815 | ATCS Status: On | Outside Operational Temp: No | Operational: Yes
Temp (°C): 1.99692 | Solar Rad. (W/m²): 84.732 | Grav. Anomaly (mGal): -50.9815 | ATCS Status: On | Outside Operational Temp: No | Operational: Yes
Temp (°C): 7.12659 | Solar Rad. (W/m²): 84.732 | Grav. Anomaly (mGal): -50.9815 | ATCS Status: On | Outside Operational Temp: No | Operational: Yes
Temp (°C): 6.58181 | Solar Rad. (W/m²): 84.732 | Grav. Anomaly (mGal): -39.4661 | ATCS Status: On | Outside Operational Temp: No | Operational: Yes
Temp (°C): 6.58181 | Solar Rad. (W/m²): 84.732 | Grav. Anomaly (mGal): -39.4661 | ATCS Status: On | Outside Operational Temp: No | Operational: Yes
Temp (°C): -5.2773 | Solar Rad. (W/m²): 84.732 | Grav. Anomaly (mGal): -39.4661 | ATCS Status: On | Outside Operational Temp: Yes | Operational: Yes
Temp (°C): -5.2773 | Solar Rad. (W/m²): 35.0754 | Grav. Anomaly (mGal): -39.4661 | ATCS Status: On | Outside Operational Temp: Yes | Operational: Yes
Temp (°C): -5.2773 | Solar Rad. (W/m²): 35.0754 | Grav. Anomaly (mGal): -48.7097 | ATCS Status: On | Outside Operational Temp: Yes | Operational: Yes
Temp (°C): -4.195 | Solar Rad. (W/m²): 35.0754 | Grav. Anomaly (mGal): -48.7097 | ATCS Status: On | Outside Operational Temp: No | Operational: Yes
Temp (°C): 1.53974 | Solar Rad. (W/m²): 35.0754 | Grav. Anomaly (mGal): -48.7097 | ATCS Status: On | Outside Operational Temp: No | Operational: Yes
Temp (°C): 1.53974 | Solar Rad. (W/m²): 35.0754 | Grav. Anomaly (mGal): -52.1753 | ATCS Status: On | Outside Operational Temp: No | Operational: Yes
Temp (°C): 12.379 | Solar Rad. (W/m²): 35.0754 | Grav. Anomaly (mGal): -52.1753 | ATCS Status: On | Outside Operational Temp: No | Operational: Yes
Temp (°C): 12.379 | Solar Rad. (W/m²): 17.1716 | Grav. Anomaly (mGal): -52.1753 | ATCS Status: On | Outside Operational Temp: No | Operational: Yes
Temp (°C): 11.5318 | Solar Rad. (W/m²): 17.1716 | Grav. Anomaly (mGal): -52.1753 | ATCS Status: On | Outside Operational Temp: No | Operational: Yes
Temp (°C): 11.5318 | Solar Rad. (W/m²): 17.1716 | Grav. Anomaly (mGal): -38.4373 | ATCS Status: On | Outside Operational Temp: No | Operational: Yes
Temp (°C): 10.1354 | Solar Rad. (W/m²): 17.1716 | Grav. Anomaly (mGal): -38.4373 | ATCS Status: On | Outside Operational Temp: No | Operational: Yes
Temp (°C): 2.43926 | Solar Rad. (W/m²): 17.1716 | Grav. Anomaly (mGal): -38.4373 | ATCS Status: On | Outside Operational Temp: No | Operational: Yes
Temp (°C): 2.43926 | Solar Rad. (W/m²): 23.5366 | Grav. Anomaly (mGal): -38.4373 | ATCS Status: On | Outside Operational Temp: No | Operational: Yes
Temp (°C): 2.43926 | Solar Rad. (W/m²): 23.5366 | Grav. Anomaly (mGal): -55.8096 | ATCS Status: On | Outside Operational Temp: No | Operational: Yes
Temp (°C): 11.37 | Solar Rad. (W/m²): 23.5366 | Grav. Anomaly (mGal): -55.8096 | ATCS Status: On | Outside Operational Temp: No | Operational: Yes
Temp (°C): 10.02 | Solar Rad. (W/m²): 23.5366 | Grav. Anomaly (mGal): -55.8096 | ATCS Status: On | Outside Operational Temp: No | Operational: Yes
Temp (°C): 10.02 | Solar Rad. (W/m²): 23.5366 | Grav. Anomaly (mGal): -50.0269 | ATCS Status: On | Outside Operational Temp: No | Operational: Yes
Temp (°C): -0.597037 | Solar Rad. (W/m²): 23.5366 | Grav. Anomaly (mGal): -50.0269 | ATCS Status: On | Outside Operational Temp: No | Operational: Yes
Temp (°C): -0.597037 | Solar Rad. (W/m²): 0 | Grav. Anomaly (mGal): -50.0269 | ATCS Status: On | Outside Operational Temp: No | Operational: Yes
Temp (°C): 7.35788 | Solar Rad. (W/m²): 0 | Grav. Anomaly (mGal): -50.0269 | ATCS Status: On | Outside Operational Temp: No | Operational: Yes
Temp (°C): 7.35788 | Solar Rad. (W/m²): 0 | Grav. Anomaly (mGal): -36.8189 | ATCS Status: On | Outside Operational Temp: No | Operational: Yes
Temp (°C): -2.96365 | Solar Rad. (W/m²): 0 | Grav. Anomaly (mGal): -36.8189 | ATCS Status: On | Outside Operational Temp: No | Operational: Yes
Temp (°C): 3.72433 | Solar Rad. (W/m²): 0 | Grav. Anomaly (mGal): -36.8189 | ATCS Status: On | Outside Operational Temp: No | Operational: Yes
Temp (°C): 3.72433 | Solar Rad. (W/m²): 29.8211 | Grav. Anomaly (mGal): -46.6494 | ATCS Status: On | Outside Operational Temp: No | Operational: Yes
Temp (°C): 3.72433 | Solar Rad. (W/m²): 29.8211 | Grav. Anomaly (mGal): -46.6494 | ATCS Status: On | Outside Operational Temp: No | Operational: Yes
Temp (°C): 4.31326 | Solar Rad. (W/m²): 29.8211 | Grav. Anomaly (mGal): -46.6494 | ATCS Status: On | Outside Operational Temp: No | Operational: Yes
Temp (°C): 5.97275 | Solar Rad. (W/m²): 29.8211 | Grav. Anomaly (mGal): -46.6494 | ATCS Status: On | Outside Operational Temp: No | Operational: Yes
Temp (°C): 5.97275 | Solar Rad. (W/m²): 29.8211 | Grav. Anomaly (mGal): -30.3558 | ATCS Status: On | Outside Operational Temp: No | Operational: Yes
Temp (°C): -1.62637 | Solar Rad. (W/m²): 29.8211 | Grav. Anomaly (mGal): -30.3558 | ATCS Status: On | Outside Operational Temp: No | Operational: Yes
Temp (°C): -1.62637 | Solar Rad. (W/m²): 68.0404 | Grav. Anomaly (mGal): -30.3558 | ATCS Status: On | Outside Operational Temp: No | Operational: Yes
Temp (°C): 2.72079 | Solar Rad. (W/m²): 68.0404 | Grav. Anomaly (mGal): -30.3558 | ATCS Status: On | Outside Operational Temp: No | Operational: Yes
Temp (°C): 2.72079 | Solar Rad. (W/m²): 68.0404 | Grav. Anomaly (mGal): -20.92 | ATCS Status: On | Outside Operational Temp: No | Operational: Yes
Temp (°C): 3.60462 | Solar Rad. (W/m²): 68.0404 | Grav. Anomaly (mGal): -20.92 | ATCS Status: On | Outside Operational Temp: No | Operational: Yes
Temp (°C): 15.5309 | Solar Rad. (W/m²): 68.0404 | Grav. Anomaly (mGal): -20.92 | ATCS Status: On | Outside Operational Temp: No | Operational: Yes
Temp (°C): 15.5309 | Solar Rad. (W/m²): 51.657 | Grav. Anomaly (mGal): -35.877 | ATCS Status: On | Outside Operational Temp: No | Operational: Yes
Temp (°C): 15.5309 | Solar Rad. (W/m²): 51.657 | Grav. Anomaly (mGal): -35.877 | ATCS Status: On | Outside Operational Temp: No | Operational: Yes
Temp (°C): 13.5176 | Solar Rad. (W/m²): 51.657 | Grav. Anomaly (mGal): -35.877 | ATCS Status: On | Outside Operational Temp: No | Operational: Yes
Temp (°C): 3.69138 | Solar Rad. (W/m²): 51.657 | Grav. Anomaly (mGal): -35.877 | ATCS Status: On | Outside Operational Temp: No | Operational: Yes
Temp (°C): 3.69138 | Solar Rad. (W/m²): 51.657 | Grav. Anomaly (mGal): -54.0507 | ATCS Status: On | Outside Operational Temp: No | Operational: Yes
Temp (°C): 5.9699 | Solar Rad. (W/m²): 51.657 | Grav. Anomaly (mGal): -54.0507 | ATCS Status: On | Outside Operational Temp: No | Operational: Yes
Temp (°C): 5.9699 | Solar Rad. (W/m²): 95.7732 | Grav. Anomaly (mGal): -54.0507 | ATCS Status: On | Outside Operational Temp: No | Operational: Yes
Temp (°C): -5.90973 | Solar Rad. (W/m²): 95.7732 | Grav. Anomaly (mGal): -54.0507 | ATCS Status: On | Outside Operational Temp: Yes | Operational: Yes
Temp (°C): -5.90973 | Solar Rad. (W/m²): 95.7732 | Grav. Anomaly (mGal): -67.7255 | ATCS Status: On | Outside Operational Temp: Yes | Operational: Yes
Temp (°C): 4.11435 | Solar Rad. (W/m²): 95.7732 | Grav. Anomaly (mGal): -67.7255 | ATCS Status: On | Outside Operational Temp: No | Operational: Yes
Temp (°C): 8.84657 | Solar Rad. (W/m²): 95.7732 | Grav. Anomaly (mGal): -67.7255 | ATCS Status: On | Outside Operational Temp: No | Operational: Yes
Temp (°C): 8.84657 | Solar Rad. (W/m²): 125.81 | Grav. Anomaly (mGal): -70 | ATCS Status: On | Outside Operational Temp: No | Operational: Yes
Temp (°C): 8.84657 | Solar Rad. (W/m²): 125.81 | Grav. Anomaly (mGal): -70 | ATCS Status: On | Outside Operational Temp: No | Operational: Yes
Temp (°C): -0.514242 | Solar Rad. (W/m²): 125.81 | Grav. Anomaly (mGal): -70 | ATCS Status: On | Outside Operational Temp: No | Operational: Yes
Temp (°C): 8.30699 | Solar Rad. (W/m²): 125.81 | Grav. Anomaly (mGal): -70 | ATCS Status: On | Outside Operational Temp: No | Operational: Yes
Temp (°C): 8.30699 | Solar Rad. (W/m²): 125.81 | Grav. Anomaly (mGal): -53.2377 | ATCS Status: On | Outside Operational Temp: No | Operational: Yes
Temp (°C): 5.16726 | Solar Rad. (W/m²): 125.81 | Grav. Anomaly (mGal): -53.2377 | ATCS Status: On | Outside Operational Temp: No | Operational: Yes
Temp (°C): 5.16726 | Solar Rad. (W/m²): 100.173 | Grav. Anomaly (mGal): -53.2377 | ATCS Status: On | Outside Operational Temp: No | Operational: Yes
Temp (°C): -0.667541 | Solar Rad. (W/m²): 100.173 | Grav. Anomaly (mGal): -53.2377 | ATCS Status: On | Outside Operational Temp: No | Operational: Yes
Temp (°C): -0.667541 | Solar Rad. (W/m²): 100.173 | Grav. Anomaly (mGal): -62.4119 | ATCS Status: On | Outside Operational Temp: No | Operational: Yes
Temp (°C): 0.275124 | Solar Rad. (W/m²): 100.173 | Grav. Anomaly (mGal): -62.4119 | ATCS Status: On | Outside Operational Temp: No | Operational: Yes
Temp (°C): 9.22984 | Solar Rad. (W/m²): 100.173 | Grav. Anomaly (mGal): -62.4119 | ATCS Status: On | Outside Operational Temp: No | Operational: Yes
Temp (°C): 9.22984 | Solar Rad. (W/m²): 111.03 | Grav. Anomaly (mGal): -62.4119 | ATCS Status: On | Outside Operational Temp: No | Operational: Yes
Temp (°C): 9.22984 | Solar Rad. (W/m²): 111.03 | Grav. Anomaly (mGal): -70 | ATCS Status: On | Outside Operational Temp: No | Operational: Yes
Temp (°C): 1.10157 | Solar Rad. (W/m²): 111.03 | Grav. Anomaly (mGal): -70 | ATCS Status: On | Outside Operational Temp: No | Operational: Yes
Temp (°C): 1.62862 | Solar Rad. (W/m²): 111.03 | Grav. Anomaly (mGal): -70 | ATCS Status: On | Outside Operational Temp: No | Operational: Yes
Temp (°C): 1.62862 | Solar Rad. (W/m²): 111.03 | Grav. Anomaly (mGal): -70 | ATCS Status: On | Outside Operational Temp: No | Operational: Yes
Temp (°C): 11.9735 | Solar Rad. (W/m²): 111.03 | Grav. Anomaly (mGal): -70 | ATCS Status: On | Outside Operational Temp: No | Operational: Yes
Temp (°C): 11.9735 | Solar Rad. (W/m²): 78.1007 | Grav. Anomaly (mGal): -70 | ATCS Status: On | Outside Operational Temp: No | Operational: Yes
Temp (°C): 4.27824 | Solar Rad. (W/m²): 78.1007 | Grav. Anomaly (mGal): -70 | ATCS Status: On | Outside Operational Temp: No | Operational: Yes
Temp (°C): 4.27824 | Solar Rad. (W/m²): 78.1007 | Grav. Anomaly (mGal): -70 | ATCS Status: On | Outside Operational Temp: No | Operational: Yes
Temp (°C): 13.5934 | Solar Rad. (W/m²): 78.1007 | Grav. Anomaly (mGal): -70 | ATCS Status: On | Outside Operational Temp: No | Operational: Yes
Temp (°C): 3.80826 | Solar Rad. (W/m²): 78.1007 | Grav. Anomaly (mGal): -70 | ATCS Status: On | Outside Operational Temp: No | Operational: Yes
Temp (°C): 3.80826 | Solar Rad. (W/m²): 82.9856 | Grav. Anomaly (mGal): -70 | ATCS Status: On | Outside Operational Temp: No | Operational: Yes
Temp (°C): 3.80826 | Solar Rad. (W/m²): 82.9856 | Grav. Anomaly (mGal): -70 | ATCS Status: On | Outside Operational Temp: No | Operational: Yes
Temp (°C): 5.91975 | Solar Rad. (W/m²): 82.9856 | Grav. Anomaly (mGal): -70 | ATCS Status: On | Outside Operational Temp: No | Operational: Yes
Temp (°C): 2.44121 | Solar Rad. (W/m²): 82.9856 | Grav. Anomaly (mGal): -70 | ATCS Status: On | Outside Operational Temp: No | Operational: Yes
Temp (°C): 2.44121 | Solar Rad. (W/m²): 82.9856 | Grav. Anomaly (mGal): -70 | ATCS Status: On | Outside Operational Temp: No | Operational: Yes
Temp (°C): 10.8685 | Solar Rad. (W/m²): 82.9856 | Grav. Anomaly (mGal): -70 | ATCS Status: On | Outside Operational Temp: No | Operational: Yes
Temp (°C): 10.8685 | Solar Rad. (W/m²): 60.0975 | Grav. Anomaly (mGal): -70 | ATCS Status: On | Outside Operational Temp: No | Operational: Yes
Temp (°C): 9.45471 | Solar Rad. (W/m²): 60.0975 | Grav. Anomaly (mGal): -70 | ATCS Status: On | Outside Operational Temp: No | Operational: Yes
Temp (°C): 9.45471 | Solar Rad. (W/m²): 60.0975 | Grav. Anomaly (mGal): -55.2304 | ATCS Status: On | Outside Operational Temp: No | Operational: Yes
Temp (°C): 2.81458 | Solar Rad. (W/m²): 60.0975 | Grav. Anomaly (mGal): -55.2304 | ATCS Status: On | Outside Operational Temp: No | Operational: Yes
Temp (°C): 3.81385 | Solar Rad. (W/m²): 60.0975 | Grav. Anomaly (mGal): -55.2304 | ATCS Status: On | Outside Operational Temp: No | Operational: Yes
Temp (°C): 3.81385 | Solar Rad. (W/m²): 12.3116 | Grav. Anomaly (mGal): -55.2304 | ATCS Status: On | Outside Operational Temp: No | Operational: Yes
Temp (°C): 3.81385 | Solar Rad. (W/m²): 12.3116 | Grav. Anomaly (mGal): -47.1398 | ATCS Status: On | Outside Operational Temp: No | Operational: Yes
Temp (°C): 5.33883 | Solar Rad. (W/m²): 12.3116 | Grav. Anomaly (mGal): -47.1398 | ATCS Status: On | Outside Operational Temp: No | Operational: Yes
Temp (°C): 0.00673634 | Solar Rad. (W/m²): 12.3116 | Grav. Anomaly (mGal): -36.0463 | ATCS Status: On | Outside Operational Temp: No | Operational: Yes
Temp (°C): 0.00673634 | Solar Rad. (W/m²): 12.3116 | Grav. Anomaly (mGal): -36.0463 | ATCS Status: On | Outside Operational Temp: No | Operational: Yes
Temp (°C): 0.00673634 | Solar Rad. (W/m²): 47.155 | Grav. Anomaly (mGal): -36.0463 | ATCS Status: On | Outside Operational Temp: No | Operational: Yes
Temp (°C): 6.96331 | Solar Rad. (W/m²): 47.155 | Grav. Anomaly (mGal): -36.0463 | ATCS Status: On | Outside Operational Temp: No | Operational: Yes
Temp (°C): 6.96331 | Solar Rad. (W/m²): 47.155 | Grav. Anomaly (mGal): -55.4625 | ATCS Status: On | Outside Operational Temp: No | Operational: Yes
Temp (°C): 0.434966 | Solar Rad. (W/m²): 47.155 | Grav. Anomaly (mGal): -55.4625 | ATCS Status: On | Outside Operational Temp: No | Operational: Yes
Temp (°C): 10.6425 | Solar Rad. (W/m²): 47.155 | Grav. Anomaly (mGal): -55.4625 | ATCS Status: On | Outside Operational Temp: No | Operational: Yes
Temp (°C): 10.6425 | Solar Rad. (W/m²): 20.5739 | Grav. Anomaly (mGal): -55.4625 | ATCS Status: On | Outside Operational Temp: No | Operational: Yes
Temp (°C): 10.6425 | Solar Rad. (W/m²): 20.5739 | Grav. Anomaly (mGal): -58.1044 | ATCS Status: On | Outside Operational Temp: No | Operational: Yes
Temp (°C): 2.73476 | Solar Rad. (W/m²): 20.5739 | Grav. Anomaly (mGal): -58.1044 | ATCS Status: On | Outside Operational Temp: No | Operational: Yes
Temp (°C): 13.6913 | Solar Rad. (W/m²): 20.5739 | Grav. Anomaly (mGal): -58.1044 | ATCS Status: On | Outside Operational Temp: No | Operational: Yes
Temp (°C): 13.6913 | Solar Rad. (W/m²): 20.5739 | Grav. Anomaly (mGal): -52.3698 | ATCS Status: On | Outside Operational Temp: No | Operational: Yes
Temp (°C): 8.58073 | Solar Rad. (W/m²): 20.5739 | Grav. Anomaly (mGal): -52.3698 | ATCS Status: On | Outside Operational Temp: No | Operational: Yes
Temp (°C): 8.58073 | Solar Rad. (W/m²): 62.2653 | Grav. Anomaly (mGal): -52.3698 | ATCS Status: On | Outside Operational Temp: No | Operational: Yes
Temp (°C): 0.364685 | Solar Rad. (W/m²): 62.2653 | Grav. Anomaly (mGal): -52.3698 | ATCS Status: On | Outside Operational Temp: No | Operational: Yes
Temp (°C): 0.364685 | Solar Rad. (W/m²): 62.2653 | Grav. Anomaly (mGal): -55.5553 | ATCS Status: On | Outside Operational Temp: No | Operational: Yes
Temp (°C): 10.1966 | Solar Rad. (W/m²): 62.2653 | Grav. Anomaly (mGal): -55.5553 | ATCS Status: On | Outside Operational Temp: No | Operational: Yes
Temp (°C): 1.85063 | Solar Rad. (W/m²): 62.2653 | Grav. Anomaly (mGal): -55.5553 | ATCS Status: On | Outside Operational Temp: No | Operational: Yes
Temp (°C): 1.85063 | Solar Rad. (W/m²): 16.6744 | Grav. Anomaly (mGal): -65.6096 | ATCS Status: On | Outside Operational Temp: No | Operational: Yes
Temp (°C): 1.85063 | Solar Rad. (W/m²): 16.6744 | Grav. Anomaly (mGal): -65.6096 | ATCS Status: On | Outside Operational Temp: No | Operational: Yes
Temp (°C): 5.65024 | Solar Rad. (W/m²): 16.6744 | Grav. Anomaly (mGal): -65.6096 | ATCS Status: On | Outside Operational Temp: No | Operational: Yes
Temp (°C): -0.202907 | Solar Rad. (W/m²): 16.6744 | Grav. Anomaly (mGal): -65.6096 | ATCS Status: On | Outside Operational Temp: No | Operational: Yes
Temp (°C): -0.202907 | Solar Rad. (W/m²): 16.6744 | Grav. Anomaly (mGal): -53.7652 | ATCS Status: On | Outside Operational Temp: No | Operational: Yes
Temp (°C): 5.23084 | Solar Rad. (W/m²): 16.6744 | Grav. Anomaly (mGal): -53.7652 | ATCS Status: On | Outside Operational Temp: No | Operational: Yes
Temp (°C): 5.23084 | Solar Rad. (W/m²): 15.1271 | Grav. Anomaly (mGal): -53.7652 | ATCS Status: On | Outside Operational Temp: No | Operational: Yes
Temp (°C): -1.55617 | Solar Rad. (W/m²): 15.1271 | Grav. Anomaly (mGal): -53.7652 | ATCS Status: On | Outside Operational Temp: No | Operational: Yes
Temp (°C): -1.55617 | Solar Rad. (W/m²): 15.1271 | Grav. Anomaly (mGal): -61.6075 | ATCS Status: On | Outside Operational Temp: No | Operational: Yes
Temp (°C): 6.0434 | Solar Rad. (W/m²): 15.1271 | Grav. Anomaly (mGal): -61.6075 | ATCS Status: On | Outside Operational Temp: No | Operational: Yes
Temp (°C): -4.41627 | Solar Rad. (W/m²): 15.1271 | Grav. Anomaly (mGal): -61.6075 | ATCS Status: On | Outside Operational Temp: No | Operational: Yes
Temp (°C): -4.41627 | Solar Rad. (W/m²): 0 | Grav. Anomaly (mGal): -58.3607 | ATCS Status: On | Outside Operational Temp: No | Operational: Yes
Temp (°C): -4.41627 | Solar Rad. (W/m²): 0 | Grav. Anomaly (mGal): -58.3607 | ATCS Status: On | Outside Operational Temp: No | Operational: Yes
Temp (°C): -0.286628 | Solar Rad. (W/m²): 0 | Grav. Anomaly (mGal): -58.3607 | ATCS Status: On | Outside Operational Temp: No | Operational: Yes
Temp (°C): -5.21873 | Solar Rad. (W/m²): 0 | Grav. Anomaly (mGal): -58.3607 | ATCS Status: Off | Outside Operational Temp: Yes | Operational: Yes
Temp (°C): -5.21873 | Solar Rad. (W/m²): 0 | Grav. Anomaly (mGal): -41.1238 | ATCS Status: Off | Outside Operational Temp: Yes | Operational: Yes
Temp (°C): -18.3732 | Solar Rad. (W/m²): 0 | Grav. Anomaly (mGal): -41.1238 | ATCS Status: Off | Outside Operational Temp: Yes | Operational: Yes
Temp (°C): -18.3732 | Solar Rad. (W/m²): 0 | Grav. Anomaly (mGal): -41.1238 | ATCS Status: Off | Outside Operational Temp: Yes | Operational: Yes
Temp (°C): -10.7729 | Solar Rad. (W/m²): 0 | Grav. Anomaly (mGal): -41.1238 | ATCS Status: On | Outside Operational Temp: Yes | Operational: Yes
Temp (°C): -10.7729 | Solar Rad. (W/m²): 0 | Grav. Anomaly (mGal): -34.995 | ATCS Status: On | Outside Operational Temp: Yes | Operational: Yes
Temp (°C): -5.91985 | Solar Rad. (W/m²): 0 | Grav. Anomaly (mGal): -34.995 | ATCS Status: On | Outside Operational Temp: Yes | Operational: Yes
Temp (°C): 4.86493 | Solar Rad. (W/m²): 0 | Grav. Anomaly (mGal): -34.995 | ATCS Status: On | Outside Operational Temp: No | Operational: Yes
Temp (°C): 4.86493 | Solar Rad. (W/m²): 0 | Grav. Anomaly (mGal): -22.7466 | ATCS Status: On | Outside Operational Temp: No | Operational: Yes
Temp (°C): 4.86493 | Solar Rad. (W/m²): 0 | Grav. Anomaly (mGal): -22.7466 | ATCS Status: On | Outside Operational Temp: No | Operational: Yes
Temp (°C): 14.4898 | Solar Rad. (W/m²): 0 | Grav. Anomaly (mGal): -22.7466 | ATCS Status: On | Outside Operational Temp: No | Operational: Yes
Temp (°C): 8.65893 | Solar Rad. (W/m²): 0 | Grav. Anomaly (mGal): -22.7466 | ATCS Status: On | Outside Operational Temp: No | Operational: Yes
Temp (°C): 8.65893 | Solar Rad. (W/m²): 0 | Grav. Anomaly (mGal): -19.8969 | ATCS Status: On | Outside Operational Temp: No | Operational: Yes
Temp (°C): 2.52226 | Solar Rad. (W/m²): 0 | Grav. Anomaly (mGal): -19.8969 | ATCS Status: On | Outside Operational Temp: No | Operational: Yes
Temp (°C): 2.52226 | Solar Rad. (W/m²): 0 | Grav. Anomaly (mGal): -19.8969 | ATCS Status: On | Outside Operational Temp: No | Operational: Yes
Temp (°C): 7.93877 | Solar Rad. (W/m²): 0 | Grav. Anomaly (mGal): -19.8969 | ATCS Status: On | Outside Operational Temp: No | Operational: Yes
Temp (°C): 7.93877 | Solar Rad. (W/m²): 0 | Grav. Anomaly (mGal): -0.212435 | ATCS Status: On | Outside Operational Temp: No | Operational: Yes
Temp (°C): 5.21667 | Solar Rad. (W/m²): 0 | Grav. Anomaly (mGal): -0.212435 | ATCS Status: On | Outside Operational Temp: No | Operational: Yes
Temp (°C): 3.484 | Solar Rad. (W/m²): 0 | Grav. Anomaly (mGal): -0.212435 | ATCS Status: On | Outside Operational Temp: No | Operational: Yes
Temp (°C): 3.484 | Solar Rad. (W/m²): 27.1284 | Grav. Anomaly (mGal): 13.7896 | ATCS Status: On | Outside Operational Temp: No | Operational: Yes
Temp (°C): 3.484 | Solar Rad. (W/m²): 27.1284 | Grav. Anomaly (mGal): 13.7896 | ATCS Status: On | Outside Operational Temp: No | Operational: Yes
Temp (°C): 10.3939 | Solar Rad. (W/m²): 27.1284 | Grav. Anomaly (mGal): 13.7896 | ATCS Status: On | Outside Operational Temp: No | Operational: Yes
Temp (°C): 6.63966 | Solar Rad. (W/m²): 27.1284 | Grav. Anomaly (mGal): 13.7896 | ATCS Status: On | Outside Operational Temp: No | Operational: Yes
Temp (°C): 6.63966 | Solar Rad. (W/m²): 27.1284 | Grav. Anomaly (mGal): 4.05149 | ATCS Status: On | Outside Operational Temp: No | Operational: Yes
Temp (°C): 6.52839 | Solar Rad. (W/m²): 27.1284 | Grav. Anomaly (mGal): 4.05149 | ATCS Status: On | Outside Operational Temp: No | Operational: Yes
Temp (°C): 6.52839 | Solar Rad. (W/m²): 0 | Grav. Anomaly (mGal): 4.05149 | ATCS Status: On | Outside Operational Temp: No | Operational: Yes
Temp (°C): -1.47536 | Solar Rad. (W/m²): 0 | Grav. Anomaly (mGal): 4.05149 | ATCS Status: On | Outside Operational Temp: No | Operational: Yes
Temp (°C): -1.47536 | Solar Rad. (W/m²): 0 | Grav. Anomaly (mGal): -8.8991 | ATCS Status: On | Outside Operational Temp: No | Operational: Yes
Temp (°C): 0.914131 | Solar Rad. (W/m²): 0 | Grav. Anomaly (mGal): -8.8991 | ATCS Status: On | Outside Operational Temp: No | Operational: Yes
Temp (°C): 12.0675 | Solar Rad. (W/m²): 0 | Grav. Anomaly (mGal): -8.8991 | ATCS Status: On | Outside Operational Temp: No | Operational: Yes
Temp (°C): 12.0675 | Solar Rad. (W/m²): 0.124467 | Grav. Anomaly (mGal): -9.47226 | ATCS Status: Off | Outside Operational Temp: No | Operational: Yes
Temp (°C): 12.0675 | Solar Rad. (W/m²): 0.124467 | Grav. Anomaly (mGal): -9.47226 | ATCS Status: Off | Outside Operational Temp: No | Operational: Yes
Temp (°C): -1.28815 | Solar Rad. (W/m²): 0.124467 | Grav. Anomaly (mGal): -9.47226 | ATCS Status: Off | Outside Operational Temp: No | Operational: Yes
Temp (°C): -37.6224 | Solar Rad. (W/m²): 0.124467 | Grav. Anomaly (mGal): -9.47226 | ATCS Status: Off | Outside Operational Temp: Yes | Operational: Yes
Temp (°C): -37.6224 | Solar Rad. (W/m²): 0.124467 | Grav. Anomaly (mGal): -8.87233 | ATCS Status: Off | Outside Operational Temp: Yes | Operational: Yes
Temp (°C): -1.99556 | Solar Rad. (W/m²): 0.124467 | Grav. Anomaly (mGal): -8.87233 | ATCS Status: Off | Outside Operational Temp: No | Operational: Yes
Temp (°C): -1.99556 | Solar Rad. (W/m²): 0 | Grav. Anomaly (mGal): -8.87233 | ATCS Status: Off | Outside Operational Temp: No | Operational: Yes
Temp (°C): 0.462283 | Solar Rad. (W/m²): 0 | Grav. Anomaly (mGal): -8.87233 | ATCS Status: Off | Outside Operational Temp: No | Operational: Yes
Temp (°C): 0.462283 | Solar Rad. (W/m²): 0 | Grav. Anomaly (mGal): -0.195541 | ATCS Status: Off | Outside Operational Temp: No | Operational: Yes
Temp (°C): -12.2037 | Solar Rad. (W/m²): 0 | Grav. Anomaly (mGal): -0.195541 | ATCS Status: Off | Outside Operational Temp: Yes | Operational: Yes
Temp (°C): 9.28635 | Solar Rad. (W/m²): 0 | Grav. Anomaly (mGal): -0.195541 | ATCS Status: Off | Outside Operational Temp: No | Operational: Yes
Temp (°C): 9.28635 | Solar Rad. (W/m²): 24.0072 | Grav. Anomaly (mGal): 1.06597 | ATCS Status: Off | Outside Operational Temp: No | Operational: Yes
Temp (°C): 9.28635 | Solar Rad. (W/m²): 24.0072 | Grav. Anomaly (mGal): 1.06597 | ATCS Status: Off | Outside Operational Temp: No | Operational: Yes
Temp (°C): -26.7236 | Solar Rad. (W/m²): 24.0072 | Grav. Anomaly (mGal): 1.06597 | ATCS Status: Off | Outside Operational Temp: Yes | Operational: Yes
Temp (°C): -2.23224 | Solar Rad. (W/m²): 24.0072 | Grav. Anomaly (mGal): 1.06597 | ATCS Status: Off | Outside Operational Temp: No | Operational: Yes
Temp (°C): -2.23224 | Solar Rad. (W/m²): 24.0072 | Grav. Anomaly (mGal): 6.82432 | ATCS Status: Off | Outside Operational Temp: No | Operational: Yes
Temp (°C): 39.6488 | Solar Rad. (W/m²): 24.0072 | Grav. Anomaly (mGal): 6.82432 | ATCS Status: Off | Outside Operational Temp: Yes | Operational: Yes
Temp (°C): 39.6488 | Solar Rad. (W/m²): 0 | Grav. Anomaly (mGal): 6.82432 | ATCS Status: Off | Outside Operational Temp: Yes | Operational: Yes
Temp (°C): 72.2372 | Solar Rad. (W/m²): 0 | Grav. Anomaly (mGal): 6.82432 | ATCS Status: Off | Outside Operational Temp: Yes | Operational: Yes
Temp (°C): 72.2372 | Solar Rad. (W/m²): 0 | Grav. Anomaly (mGal): -0.0128137 | ATCS Status: Off | Outside Operational Temp: Yes | Operational: Yes
Temp (°C): 26.3 | Solar Rad. (W/m²): 0 | Grav. Anomaly (mGal): -0.0128137 | ATCS Status: Off | Outside Operational Temp: Yes | Operational: Yes
Temp (°C): 25.0852 | Solar Rad. (W/m²): 0 | Grav. Anomaly (mGal): -0.0128137 | ATCS Status: Off | Outside Operational Temp: Yes | Operational: Yes
Temp (°C): 25.0852 | Solar Rad. (W/m²): 0 | Grav. Anomaly (mGal): 12.5117 | ATCS Status: Off | Outside Operational Temp: Yes | Operational: Yes
Temp (°C): 25.0852 | Solar Rad. (W/m²): 0 | Grav. Anomaly (mGal): 12.5117 | ATCS Status: Off | Outside Operational Temp: Yes | Operational: Yes
Temp (°C): 53.0977 | Solar Rad. (W/m²): 0 | Grav. Anomaly (mGal): 12.5117 | ATCS Status: Off | Outside Operational Temp: Yes | Operational: Yes
Temp (°C): 35.8054 | Solar Rad. (W/m²): 0 | Grav. Anomaly (mGal): 12.5117 | ATCS Status: Off | Outside Operational Temp: Yes | Operational: Yes
Temp (°C): 35.8054 | Solar Rad. (W/m²): 0 | Grav. Anomaly (mGal): -3.9829 | ATCS Status: Off | Outside Operational Temp: Yes | Operational: Yes
Temp (°C): -2.65234 | Solar Rad. (W/m²): 0 | Grav. Anomaly (mGal): -3.9829 | ATCS Status: Off | Outside Operational Temp: No | Operational: Yes
Temp (°C): -2.65234 | Solar Rad. (W/m²): 23.7437 | Grav. Anomaly (mGal): -3.9829 | ATCS Status: Off | Outside Operational Temp: No | Operational: Yes
Temp (°C): -48.532 | Solar Rad. (W/m²): 23.7437 | Grav. Anomaly (mGal): -3.9829 | ATCS Status: Off | Outside Operational Temp: Yes | Operational: Yes
Temp (°C): -48.532 | Solar Rad. (W/m²): 23.7437 | Grav. Anomaly (mGal): -9.71703 | ATCS Status: Off | Outside Operational Temp: Yes | Operational: Yes
Temp (°C): -3.90569 | Solar Rad. (W/m²): 23.7437 | Grav. Anomaly (mGal): -9.71703 | ATCS Status: Off | Outside Operational Temp: No | Operational: Yes
Temp (°C): 13.5894 | Solar Rad. (W/m²): 23.7437 | Grav. Anomaly (mGal): -9.71703 | ATCS Status: Off | Outside Operational Temp: No | Operational: Yes
Temp (°C): 13.5894 | Solar Rad. (W/m²): 63.4785 | Grav. Anomaly (mGal): -6.99059 | ATCS Status: Off | Outside Operational Temp: No | Operational: Yes
Temp (°C): 13.5894 | Solar Rad. (W/m²): 63.4785 | Grav. Anomaly (mGal): -6.99059 | ATCS Status: Off | Outside Operational Temp: No | Operational: Yes
Temp (°C): 1.8604 | Solar Rad. (W/m²): 63.4785 | Grav. Anomaly (mGal): -6.99059 | ATCS Status: Off | Outside Operational Temp: No | Operational: Yes
Temp (°C): -18.2173 | Solar Rad. (W/m²): 63.4785 | Grav. Anomaly (mGal): -6.99059 | ATCS Status: Off | Outside Operational Temp: Yes | Operational: Yes
Temp (°C): -18.2173 | Solar Rad. (W/m²): 63.4785 | Grav. Anomaly (mGal): 3.49937 | ATCS Status: Off | Outside Operational Temp: Yes | Operational: Yes
Temp (°C): -3.9195 | Solar Rad. (W/m²): 63.4785 | Grav. Anomaly (mGal): 3.49937 | ATCS Status: Off | Outside Operational Temp: No | Operational: Yes
Temp (°C): -3.9195 | Solar Rad. (W/m²): 22.5574 | Grav. Anomaly (mGal): 3.49937 | ATCS Status: Off | Outside Operational Temp: No | Operational: Yes
Temp (°C): -19.1029 | Solar Rad. (W/m²): 22.5574 | Grav. Anomaly (mGal): 3.49937 | ATCS Status: Off | Outside Operational Temp: Yes | Operational: Yes
Temp (°C): -19.1029 | Solar Rad. (W/m²): 22.5574 | Grav. Anomaly (mGal): -7.79867 | ATCS Status: Off | Outside Operational Temp: Yes | Operational: Yes
Temp (°C): -47.1204 | Solar Rad. (W/m²): 22.5574 | Grav. Anomaly (mGal): -7.79867 | ATCS Status: Off | Outside Operational Temp: Yes | Operational: Yes
Temp (°C): -73.2177 | Solar Rad. (W/m²): 22.5574 | Grav. Anomaly (mGal): -7.79867 | ATCS Status: Off | Outside Operational Temp: Yes | Operational: Yes
Temp (°C): -73.2177 | Solar Rad. (W/m²): 50.6602 | Grav. Anomaly (mGal): 7.14106 | ATCS Status: Off | Outside Operational Temp: Yes | Operational: Yes
Temp (°C): -73.2177 | Solar Rad. (W/m²): 50.6602 | Grav. Anomaly (mGal): 7.14106 | ATCS Status: Off | Outside Operational Temp: Yes | Operational: Yes
Temp (°C): -44.7858 | Solar Rad. (W/m²): 50.6602 | Grav. Anomaly (mGal): 7.14106 | ATCS Status: Off | Outside Operational Temp: Yes | Operational: Yes
Temp (°C): -46.7544 | Solar Rad. (W/m²): 50.6602 | Grav. Anomaly (mGal): 7.14106 | ATCS Status: Off | Outside Operational Temp: Yes | Operational: Yes
Temp (°C): -46.7544 | Solar Rad. (W/m²): 50.6602 | Grav. Anomaly (mGal): 6.47294 | ATCS Status: Off | Outside Operational Temp: Yes | Operational: Yes
Temp (°C): -82.4992 | Solar Rad. (W/m²): 50.6602 | Grav. Anomaly (mGal): 6.47294 | ATCS Status: Off | Outside Operational Temp: Yes | Operational: Yes
Temp (°C): -82.4992 | Solar Rad. (W/m²): 45.7752 | Grav. Anomaly (mGal): 6.47294 | ATCS Status: Off | Outside Operational Temp: Yes | Operational: Yes
Temp (°C): -109.396 | Solar Rad. (W/m²): 45.7752 | Grav. Anomaly (mGal): 6.47294 | ATCS Status: Off | Outside Operational Temp: Yes | Operational: Yes
Temp (°C): -109.396 | Solar Rad. (W/m²): 45.7752 | Grav. Anomaly (mGal): -5.51281 | ATCS Status: Off | Outside Operational Temp: Yes | Operational: Yes
Temp (°C): -102.741 | Solar Rad. (W/m²): 45.7752 | Grav. Anomaly (mGal): -5.51281 | ATCS Status: Off | Outside Operational Temp: Yes | Operational: Yes
Temp (°C): -104.545 | Solar Rad. (W/m²): 45.7752 | Grav. Anomaly (mGal): -5.51281 | ATCS Status: Off | Outside Operational Temp: Yes | Operational: Yes
Temp (°C): -104.545 | Solar Rad. (W/m²): 82.7313 | Grav. Anomaly (mGal): 7.17385 | ATCS Status: Off | Outside Operational Temp: Yes | Operational: Yes
Temp (°C): -104.545 | Solar Rad. (W/m²): 82.7313 | Grav. Anomaly (mGal): 7.17385 | ATCS Status: Off | Outside Operational Temp: Yes | Operational: Yes
Temp (°C): -57.9112 | Solar Rad. (W/m²): 82.7313 | Grav. Anomaly (mGal): 7.17385 | ATCS Status: Off | Outside Operational Temp: Yes | Operational: Yes
Temp (°C): -31.7373 | Solar Rad. (W/m²): 82.7313 | Grav. Anomaly (mGal): 7.17385 | ATCS Status: Off | Outside Operational Temp: Yes | Operational: Yes
Temp (°C): -31.7373 | Solar Rad. (W/m²): 82.7313 | Grav. Anomaly (mGal): 12.5151 | ATCS Status: Off | Outside Operational Temp: Yes | Operational: Yes
Temp (°C): 12.0588 | Solar Rad. (W/m²): 82.7313 | Grav. Anomaly (mGal): 12.5151 | ATCS Status: Off | Outside Operational Temp: No | Operational: Yes
Temp (°C): 12.0588 | Solar Rad. (W/m²): 102.19 | Grav. Anomaly (mGal): 12.5151 | ATCS Status: Off | Outside Operational Temp: No | Operational: Yes
Temp (°C): 7.43465 | Solar Rad. (W/m²): 102.19 | Grav. Anomaly (mGal): 12.5151 | ATCS Status: Off | Outside Operational Temp: No | Operational: Yes
Temp (°C): 7.43465 | Solar Rad. (W/m²): 102.19 | Grav. Anomaly (mGal): 22.7883 | ATCS Status: Off | Outside Operational Temp: No | Operational: Yes
Temp (°C): -16.2479 | Solar Rad. (W/m²): 102.19 | Grav. Anomaly (mGal): 22.7883 | ATCS Status: Off | Outside Operational Temp: Yes | Operational: Yes
Temp (°C): -64.8241 | Solar Rad. (W/m²): 102.19 | Grav. Anomaly (mGal): 22.7883 | ATCS Status: Off | Outside Operational Temp: Yes | Operational: Yes
Temp (°C): -64.8241 | Solar Rad. (W/m²): 81.4066 | Grav. Anomaly (mGal): 22.7883 | ATCS Status: Off | Outside Operational Temp: Yes | Operational: Yes
Temp (°C): -64.8241 | Solar Rad. (W/m²): 81.4066 | Grav. Anomaly (mGal): 40.781 | ATCS Status: Off | Outside Operational Temp: Yes | Operational: Yes
Temp (°C): -49.6176 | Solar Rad. (W/m²): 81.4066 | Grav. Anomaly (mGal): 40.781 | ATCS Status: Off | Outside Operational Temp: Yes | Operational: Yes
Temp (°C): -62.6118 | Solar Rad. (W/m²): 81.4066 | Grav. Anomaly (mGal): 40.781 | ATCS Status: Off | Outside Operational Temp: Yes | Operational: Yes
Temp (°C): -62.6118 | Solar Rad. (W/m²): 81.4066 | Grav. Anomaly (mGal): 46.6302 | ATCS Status: Off | Outside Operational Temp: Yes | Operational: Yes
Temp (°C): -25.3941 | Solar Rad. (W/m²): 81.4066 | Grav. Anomaly (mGal): 46.6302 | ATCS Status: Off | Outside Operational Temp: Yes | Operational: Yes
Temp (°C): -25.3941 | Solar Rad. (W/m²): 60.8765 | Grav. Anomaly (mGal): 46.6302 | ATCS Status: Off | Outside Operational Temp: Yes | Operational: Yes
Temp (°C): -28.319 | Solar Rad. (W/m²): 60.8765 | Grav. Anomaly (mGal): 46.6302 | ATCS Status: Off | Outside Operational Temp: Yes | Operational: Yes
Temp (°C): -28.319 | Solar Rad. (W/m²): 60.8765 | Grav. Anomaly (mGal): 53.7998 | ATCS Status: Off | Outside Operational Temp: Yes | Operational: Yes
Temp (°C): -73.8757 | Solar Rad. (W/m²): 60.8765 | Grav. Anomaly (mGal): 53.7998 | ATCS Status: Off | Outside Operational Temp: Yes | Operational: Yes
Temp (°C): -99.3305 | Solar Rad. (W/m²): 60.8765 | Grav. Anomaly (mGal): 53.7998 | ATCS Status: Off | Outside Operational Temp: Yes | Operational: Yes
Temp (°C): -99.3305 | Solar Rad. (W/m²): 21.6398 | Grav. Anomaly (mGal): 70 | ATCS Status: Off | Outside Operational Temp: Yes | Operational: Yes
Temp (°C): -99.3305 | Solar Rad. (W/m²): 21.6398 | Grav. Anomaly (mGal): 70 | ATCS Status: Off | Outside Operational Temp: Yes | Operational: Yes
Temp (°C): -54.2986 | Solar Rad. (W/m²): 21.6398 | Grav. Anomaly (mGal): 70 | ATCS Status: Off | Outside Operational Temp: Yes | Operational: Yes
Temp (°C): 8.67072 | Solar Rad. (W/m²): 0 | Grav. Anomaly (mGal): 0 | ATCS Status: On | Outside Operational Temp: No | Operational: Yes
Temp (°C): 5.63332 | Solar Rad. (W/m²): 0 | Grav. Anomaly (mGal): 19.3887 | ATCS Status: On | Outside Operational Temp: No | Operational: Yes
Temp (°C): 5.63332 | Solar Rad. (W/m²): 0 | Grav. Anomaly (mGal): 19.3887 | ATCS Status: On | Outside Operational Temp: No | Operational: Yes
Temp (°C): 5.63332 | Solar Rad. (W/m²): 0 | Grav. Anomaly (mGal): 19.3887 | ATCS Status: On | Outside Operational Temp: No | Operational: Yes
Temp (°C): 3.42241 | Solar Rad. (W/m²): 0 | Grav. Anomaly (mGal): 19.3887 | ATCS Status: On | Outside Operational Temp: No | Operational: Yes
Temp (°C): 6.38416 | Solar Rad. (W/m²): 0 | Grav. Anomaly (mGal): 12.0984 | ATCS Status: On | Outside Operational Temp: No | Operational: Yes
Temp (°C): 6.38416 | Solar Rad. (W/m²): 0 | Grav. Anomaly (mGal): 12.0984 | ATCS Status: On | Outside Operational Temp: No | Operational: Yes
Temp (°C): 4.77078 | Solar Rad. (W/m²): 0 | Grav. Anomaly (mGal): 12.0984 | ATCS Status: On | Outside Operational Temp: No | Operational: Yes
Temp (°C): 4.77078 | Solar Rad. (W/m²): 14.6723 | Grav. Anomaly (mGal): 12.0984 | ATCS Status: Off | Outside Operational Temp: No | Operational: No
Temp (°C): 4.77078 | Solar Rad. (W/m²): 14.6723 | Grav. Anomaly (mGal): 6.82563 | ATCS Status: Off | Outside Operational Temp: No | Operational: No
Temp (°C): 41.6372 | Solar Rad. (W/m²): 14.6723 | Grav. Anomaly (mGal): 6.82563 | ATCS Status: Off | Outside Operational Temp: Yes | Operational: No
Temp (°C): 6.45017 | Solar Rad. (W/m²): 0 | Grav. Anomaly (mGal): 0 | ATCS Status: On | Outside Operational Temp: No | Operational: Yes
Temp (°C): 4.9399 | Solar Rad. (W/m²): 0 | Grav. Anomaly (mGal): -21.1078 | ATCS Status: On | Outside Operational Temp: No | Operational: Yes
Temp (°C): 4.9399 | Solar Rad. (W/m²): 0 | Grav. Anomaly (mGal): -21.1078 | ATCS Status: On | Outside Operational Temp: No | Operational: Yes
Temp (°C): 4.9399 | Solar Rad. (W/m²): 250.522 | Grav. Anomaly (mGal): -21.1078 | ATCS Status: On | Outside Operational Temp: No | Operational: Yes
Temp (°C): 11.2921 | Solar Rad. (W/m²): 250.522 | Grav. Anomaly (mGal): -21.1078 | ATCS Status: On | Outside Operational Temp: No | Operational: Yes
Temp (°C): 10.5877 | Solar Rad. (W/m²): 250.522 | Grav. Anomaly (mGal): -37.1823 | ATCS Status: On | Outside Operational Temp: No | Operational: Yes
Temp (°C): 10.5877 | Solar Rad. (W/m²): 250.522 | Grav. Anomaly (mGal): -37.1823 | ATCS Status: On | Outside Operational Temp: No | Operational: Yes
Temp (°C): 1.15187 | Solar Rad. (W/m²): 250.522 | Grav. Anomaly (mGal): -37.1823 | ATCS Status: On | Outside Operational Temp: No | Operational: Yes
Temp (°C): 1.15187 | Solar Rad. (W/m²): 278.418 | Grav. Anomaly (mGal): -37.1823 | ATCS Status: On | Outside Operational Temp: No | Operational: Yes
Temp (°C): 7.55164 | Solar Rad. (W/m²): 278.418 | Grav. Anomaly (mGal): -40.1055 | ATCS Status: On | Outside Operational Temp: No | Operational: Yes
Temp (°C): 7.55164 | Solar Rad. (W/m²): 278.418 | Grav. Anomaly (mGal): -40.1055 | ATCS Status: On | Outside Operational Temp: No | Operational: Yes
Temp (°C): -0.335891 | Solar Rad. (W/m²): 278.418 | Grav. Anomaly (mGal): -40.1055 | ATCS Status: On | Outside Operational Temp: No | Operational: Yes
Temp (°C): 4.15222 | Solar Rad. (W/m²): 278.418 | Grav. Anomaly (mGal): -55.3699 | ATCS Status: On | Outside Operational Temp: No | Operational: Yes
Temp (°C): 4.15222 | Solar Rad. (W/m²): 278.418 | Grav. Anomaly (mGal): -55.3699 | ATCS Status: On | Outside Operational Temp: No | Operational: Yes
Temp (°C): 4.15222 | Solar Rad. (W/m²): 234.603 | Grav. Anomaly (mGal): -55.3699 | ATCS Status: On | Outside Operational Temp: No | Operational: Yes
Temp (°C): 9.51825 | Solar Rad. (W/m²): 234.603 | Grav. Anomaly (mGal): -55.3699 | ATCS Status: On | Outside Operational Temp: No | Operational: Yes
Temp (°C): 9.51825 | Solar Rad. (W/m²): 234.603 | Grav. Anomaly (mGal): -54.0973 | ATCS Status: On | Outside Operational Temp: No | Operational: Yes
Temp (°C): 1.10827 | Solar Rad. (W/m²): 234.603 | Grav. Anomaly (mGal): -54.0973 | ATCS Status: On | Outside Operational Temp: No | Operational: Yes
Temp (°C): 2.62074 | Solar Rad. (W/m²): 234.603 | Grav. Anomaly (mGal): -54.0973 | ATCS Status: On | Outside Operational Temp: No | Operational: Yes
Temp (°C): 2.62074 | Solar Rad. (W/m²): 199.837 | Grav. Anomaly (mGal): -54.0973 | ATCS Status: On | Outside Operational Temp: No | Operational: Yes
Temp (°C): 2.62074 | Solar Rad. (W/m²): 199.837 | Grav. Anomaly (mGal): -68.2464 | ATCS Status: On | Outside Operational Temp: No | Operational: Yes
Temp (°C): 14.0856 | Solar Rad. (W/m²): 199.837 | Grav. Anomaly (mGal): -68.2464 | ATCS Status: On | Outside Operational Temp: No | Operational: Yes
Temp (°C): 8.77169 | Solar Rad. (W/m²): 199.837 | Grav. Anomaly (mGal): -68.2464 | ATCS Status: On | Outside Operational Temp: No | Operational: Yes
Temp (°C): 8.77169 | Solar Rad. (W/m²): 199.837 | Grav. Anomaly (mGal): -70 | ATCS Status: On | Outside Operational Temp: No | Operational: Yes
Temp (°C): 6.88339 | Solar Rad. (W/m²): 199.837 | Grav. Anomaly (mGal): -70 | ATCS Status: On | Outside Operational Temp: No | Operational: Yes
Temp (°C): 6.88339 | Solar Rad. (W/m²): 161.993 | Grav. Anomaly (mGal): -70 | ATCS Status: On | Outside Operational Temp: No | Operational: Yes
Temp (°C): 6.07175 | Solar Rad. (W/m²): 161.993 | Grav. Anomaly (mGal): -70 | ATCS Status: On | Outside Operational Temp: No | Operational: Yes
Temp (°C): 6.07175 | Solar Rad. (W/m²): 161.993 | Grav. Anomaly (mGal): -66.7651 | ATCS Status: On | Outside Operational Temp: No | Operational: Yes
Temp (°C): 0.69315 | Solar Rad. (W/m²): 161.993 | Grav. Anomaly (mGal): -66.7651 | ATCS Status: On | Outside Operational Temp: No | Operational: Yes
Temp (°C): 4.65808 | Solar Rad. (W/m²): 161.993 | Grav. Anomaly (mGal): -66.7651 | ATCS Status: On | Outside Operational Temp: No | Operational: Yes
Temp (°C): 4.65808 | Solar Rad. (W/m²): 176.201 | Grav. Anomaly (mGal): -66.7651 | ATCS Status: On | Outside Operational Temp: No | Operational: Yes
Temp (°C): 4.65808 | Solar Rad. (W/m²): 176.201 | Grav. Anomaly (mGal): -70 | ATCS Status: On | Outside Operational Temp: No | Operational: Yes
Temp (°C): 7.18356 | Solar Rad. (W/m²): 176.201 | Grav. Anomaly (mGal): -70 | ATCS Status: On | Outside Operational Temp: No | Operational: Yes
Temp (°C): -1.46474 | Solar Rad. (W/m²): 176.201 | Grav. Anomaly (mGal): -70 | ATCS Status: On | Outside Operational Temp: No | Operational: Yes
Temp (°C): -1.46474 | Solar Rad. (W/m²): 176.201 | Grav. Anomaly (mGal): -70 | ATCS Status: On | Outside Operational Temp: No | Operational: Yes
Temp (°C): -0.703186 | Solar Rad. (W/m²): 176.201 | Grav. Anomaly (mGal): -70 | ATCS Status: On | Outside Operational Temp: No | Operational: Yes
Temp (°C): -0.703186 | Solar Rad. (W/m²): 219.126 | Grav. Anomaly (mGal): -70 | ATCS Status: On | Outside Operational Temp: No | Operational: Yes
Temp (°C): 7.34583 | Solar Rad. (W/m²): 219.126 | Grav. Anomaly (mGal): -70 | ATCS Status: On | Outside Operational Temp: No | Operational: Yes
Temp (°C): 7.34583 | Solar Rad. (W/m²): 219.126 | Grav. Anomaly (mGal): -70 | ATCS Status: On | Outside Operational Temp: No | Operational: Yes
Temp (°C): 5.2793 | Solar Rad. (W/m²): 219.126 | Grav. Anomaly (mGal): -70 | ATCS Status: On | Outside Operational Temp: No | Operational: Yes
Temp (°C): 3.31322 | Solar Rad. (W/m²): 219.126 | Grav. Anomaly (mGal): -70 | ATCS Status: On | Outside Operational Temp: No | Operational: Yes
Temp (°C): 3.31322 | Solar Rad. (W/m²): 171.147 | Grav. Anomaly (mGal): -70 | ATCS Status: On | Outside Operational Temp: No | Operational: Yes
Temp (°C): 3.31322 | Solar Rad. (W/m²): 171.147 | Grav. Anomaly (mGal): -64.9043 | ATCS Status: On | Outside Operational Temp: No | Operational: Yes
Temp (°C): 4.83379 | Solar Rad. (W/m²): 171.147 | Grav. Anomaly (mGal): -64.9043 | ATCS Status: On | Outside Operational Temp: No | Operational: Yes
Temp (°C): 5.26453 | Solar Rad. (W/m²): 171.147 | Grav. Anomaly (mGal): -64.9043 | ATCS Status: On | Outside Operational Temp: No | Operational: Yes
Temp (°C): 5.26453 | Solar Rad. (W/m²): 171.147 | Grav. Anomaly (mGal): -70 | ATCS Status: On | Outside Operational Temp: No | Operational: Yes
Temp (°C): -5.64858 | Solar Rad. (W/m²): 171.147 | Grav. Anomaly (mGal): -70 | ATCS Status: On | Outside Operational Temp: Yes | Operational: Yes
Temp (°C): -5.64858 | Solar Rad. (W/m²): 191.236 | Grav. Anomaly (mGal): -70 | ATCS Status: On | Outside Operational Temp: Yes | Operational: Yes
Temp (°C): 1.2369 | Solar Rad. (W/m²): 191.236 | Grav. Anomaly (mGal): -70 | ATCS Status: On | Outside Operational Temp: No | Operational: Yes
Temp (°C): 1.2369 | Solar Rad. (W/m²): 191.236 | Grav. Anomaly (mGal): -70 | ATCS Status: On | Outside Operational Temp: No | Operational: Yes
Temp (°C): 9.49485 | Solar Rad. (W/m²): 191.236 | Grav. Anomaly (mGal): -70 | ATCS Status: On | Outside Operational Temp: No | Operational: Yes
Temp (°C): 2.08401 | Solar Rad. (W/m²): 191.236 | Grav. Anomaly (mGal): -70 | ATCS Status: On | Outside Operational Temp: No | Operational: Yes
Temp (°C): 2.08401 | Solar Rad. (W/m²): 191.236 | Grav. Anomaly (mGal): -70 | ATCS Status: On | Outside Operational Temp: No | Operational: Yes
Temp (°C): 2.08401 | Solar Rad. (W/m²): 156.322 | Grav. Anomaly (mGal): -70 | ATCS Status: On | Outside Operational Temp: No | Operational: Yes
Temp (°C): 2.72608 | Solar Rad. (W/m²): 156.322 | Grav. Anomaly (mGal): -70 | ATCS Status: On | Outside Operational Temp: No | Operational: Yes
Temp (°C): 2.72608 | Solar Rad. (W/m²): 156.322 | Grav. Anomaly (mGal): -66.6891 | ATCS Status: On | Outside Operational Temp: No | Operational: Yes
Temp (°C): 13.2903 | Solar Rad. (W/m²): 156.322 | Grav. Anomaly (mGal): -66.6891 | ATCS Status: On | Outside Operational Temp: No | Operational: Yes
Temp (°C): 7.5098 | Solar Rad. (W/m²): 156.322 | Grav. Anomaly (mGal): -66.6891 | ATCS Status: On | Outside Operational Temp: No | Operational: Yes
Temp (°C): 7.5098 | Solar Rad. (W/m²): 119.491 | Grav. Anomaly (mGal): -66.6891 | ATCS Status: On | Outside Operational Temp: No | Operational: Yes
Temp (°C): 7.5098 | Solar Rad. (W/m²): 119.491 | Grav. Anomaly (mGal): -51.0167 | ATCS Status: On | Outside Operational Temp: No | Operational: Yes
Temp (°C): 3.98029 | Solar Rad. (W/m²): 119.491 | Grav. Anomaly (mGal): -51.0167 | ATCS Status: On | Outside Operational Temp: No | Operational: Yes
Temp (°C): 14.1247 | Solar Rad. (W/m²): 119.491 | Grav. Anomaly (mGal): -51.0167 | ATCS Status: On | Outside Operational Temp: No | Operational: Yes
Temp (°C): 14.1247 | Solar Rad. (W/m²): 119.491 | Grav. Anomaly (mGal): -67.322 | ATCS Status: On | Outside Operational Temp: No | Operational: Yes
Temp (°C): 12.6641 | Solar Rad. (W/m²): 119.491 | Grav. Anomaly (mGal): -67.322 | ATCS Status: On | Outside Operational Temp: No | Operational: Yes
Temp (°C): 12.6641 | Solar Rad. (W/m²): 105.111 | Grav. Anomaly (mGal): -67.322 | ATCS Status: On | Outside Operational Temp: No | Operational: Yes
Temp (°C): 1.95207 | Solar Rad. (W/m²): 105.111 | Grav. Anomaly (mGal): -67.322 | ATCS Status: On | Outside Operational Temp: No | Operational: Yes
Temp (°C): 1.95207 | Solar Rad. (W/m²): 105.111 | Grav. Anomaly (mGal): -70 | ATCS Status: On | Outside Operational Temp: No | Operational: Yes
Temp (°C): 11.6913 | Solar Rad. (W/m²): 105.111 | Grav. Anomaly (mGal): -70 | ATCS Status: On | Outside Operational Temp: No | Operational: Yes
Temp (°C): 10.5804 | Solar Rad. (W/m²): 105.111 | Grav. Anomaly (mGal): -70 | ATCS Status: On | Outside Operational Temp: No | Operational: Yes
Temp (°C): 10.5804 | Solar Rad. (W/m²): 112.015 | Grav. Anomaly (mGal): -70 | ATCS Status: On | Outside Operational Temp: No | Operational: Yes
Temp (°C): 10.5804 | Solar Rad. (W/m²): 112.015 | Grav. Anomaly (mGal): -54.5688 | ATCS Status: On | Outside Operational Temp: No | Operational: Yes
Temp (°C): 1.73647 | Solar Rad. (W/m²): 112.015 | Grav. Anomaly (mGal): -54.5688 | ATCS Status: On | Outside Operational Temp: No | Operational: Yes
Temp (°C): 2.93572 | Solar Rad. (W/m²): 112.015 | Grav. Anomaly (mGal): -54.5688 | ATCS Status: On | Outside Operational Temp: No | Operational: Yes
Temp (°C): 2.93572 | Solar Rad. (W/m²): 112.015 | Grav. Anomaly (mGal): -66.4054 | ATCS Status: On | Outside Operational Temp: No | Operational: Yes
Temp (°C): 8.36303 | Solar Rad. (W/m²): 112.015 | Grav. Anomaly (mGal): -66.4054 | ATCS Status: On | Outside Operational Temp: No | Operational: Yes
Temp (°C): 8.36303 | Solar Rad. (W/m²): 115.794 | Grav. Anomaly (mGal): -66.4054 | ATCS Status: On | Outside Operational Temp: No | Operational: Yes
Temp (°C): -2.36978 | Solar Rad. (W/m²): 115.794 | Grav. Anomaly (mGal): -66.4054 | ATCS Status: On | Outside Operational Temp: No | Operational: Yes
Temp (°C): -2.36978 | Solar Rad. (W/m²): 115.794 | Grav. Anomaly (mGal): -70 | ATCS Status: On | Outside Operational Temp: No | Operational: Yes
Temp (°C): -1.77628 | Solar Rad. (W/m²): 115.794 | Grav. Anomaly (mGal): -70 | ATCS Status: On | Outside Operational Temp: No | Operational: Yes
Temp (°C): 5.05571 | Solar Rad. (W/m²): 115.794 | Grav. Anomaly (mGal): -70 | ATCS Status: On | Outside Operational Temp: No | Operational: Yes
Temp (°C): 5.05571 | Solar Rad. (W/m²): 74.5253 | Grav. Anomaly (mGal): -70 | ATCS Status: On | Outside Operational Temp: No | Operational: Yes
Temp (°C): 5.05571 | Solar Rad. (W/m²): 74.5253 | Grav. Anomaly (mGal): -50.982 | ATCS Status: On | Outside Operational Temp: No | Operational: Yes
Temp (°C): -1.94049 | Solar Rad. (W/m²): 74.5253 | Grav. Anomaly (mGal): -50.982 | ATCS Status: On | Outside Operational Temp: No | Operational: Yes
Temp (°C): 4.1647 | Solar Rad. (W/m²): 74.5253 | Grav. Anomaly (mGal): -50.982 | ATCS Status: On | Outside Operational Temp: No | Operational: Yes
Temp (°C): 4.1647 | Solar Rad. (W/m²): 74.5253 | Grav. Anomaly (mGal): -61.6385 | ATCS Status: On | Outside Operational Temp: No | Operational: Yes
Temp (°C): 9.16076 | Solar Rad. (W/m²): 74.5253 | Grav. Anomaly (mGal): -61.6385 | ATCS Status: On | Outside Operational Temp: No | Operational: Yes
Temp (°C): 9.16076 | Solar Rad. (W/m²): 56.9363 | Grav. Anomaly (mGal): -61.6385 | ATCS Status: On | Outside Operational Temp: No | Operational: Yes
Temp (°C): 8.96777 | Solar Rad. (W/m²): 56.9363 | Grav. Anomaly (mGal): -61.6385 | ATCS Status: On | Outside Operational Temp: No | Operational: Yes
Temp (°C): 8.96777 | Solar Rad. (W/m²): 56.9363 | Grav. Anomaly (mGal): -57.6989 | ATCS Status: On | Outside Operational Temp: No | Operational: Yes
Temp (°C): -2.51639 | Solar Rad. (W/m²): 56.9363 | Grav. Anomaly (mGal): -57.6989 | ATCS Status: On | Outside Operational Temp: No | Operational: Yes
Temp (°C): 3.317 | Solar Rad. (W/m²): 56.9363 | Grav. Anomaly (mGal): -57.6989 | ATCS Status: On | Outside Operational Temp: No | Operational: Yes
Temp (°C): 3.317 | Solar Rad. (W/m²): 7.17212 | Grav. Anomaly (mGal): -57.6989 | ATCS Status: On | Outside Operational Temp: No | Operational: Yes
Temp (°C): 3.317 | Solar Rad. (W/m²): 7.17212 | Grav. Anomaly (mGal): -70 | ATCS Status: On | Outside Operational Temp: No | Operational: Yes
Temp (°C): 13.5469 | Solar Rad. (W/m²): 7.17212 | Grav. Anomaly (mGal): -70 | ATCS Status: On | Outside Operational Temp: No | Operational: Yes
Temp (°C): 6.57716 | Solar Rad. (W/m²): 7.17212 | Grav. Anomaly (mGal): -70 | ATCS Status: On | Outside Operational Temp: No | Operational: Yes
Temp (°C): 6.57716 | Solar Rad. (W/m²): 7.17212 | Grav. Anomaly (mGal): -62.7015 | ATCS Status: On | Outside Operational Temp: No | Operational: Yes
Temp (°C): 3.59998 | Solar Rad. (W/m²): 7.17212 | Grav. Anomaly (mGal): -62.7015 | ATCS Status: On | Outside Operational Temp: No | Operational: Yes
Temp (°C): 3.59998 | Solar Rad. (W/m²): 0 | Grav. Anomaly (mGal): -62.7015 | ATCS Status: On | Outside Operational Temp: No | Operational: Yes
Temp (°C): 15.2885 | Solar Rad. (W/m²): 0 | Grav. Anomaly (mGal): -62.7015 | ATCS Status: On | Outside Operational Temp: No | Operational: Yes
Temp (°C): 15.2885 | Solar Rad. (W/m²): 0 | Grav. Anomaly (mGal): -49.848 | ATCS Status: On | Outside Operational Temp: No | Operational: Yes
Temp (°C): 10.5619 | Solar Rad. (W/m²): 0 | Grav. Anomaly (mGal): -49.848 | ATCS Status: On | Outside Operational Temp: No | Operational: Yes
Temp (°C): 2.10875 | Solar Rad. (W/m²): 0 | Grav. Anomaly (mGal): -49.848 | ATCS Status: On | Outside Operational Temp: No | Operational: Yes
Temp (°C): 2.10875 | Solar Rad. (W/m²): 22.5012 | Grav. Anomaly (mGal): -49.848 | ATCS Status: On | Outside Operational Temp: No | Operational: Yes
Temp (°C): 2.10875 | Solar Rad. (W/m²): 22.5012 | Grav. Anomaly (mGal): -30.2919 | ATCS Status: On | Outside Operational Temp: No | Operational: Yes
Temp (°C): 7.65796 | Solar Rad. (W/m²): 22.5012 | Grav. Anomaly (mGal): -30.2919 | ATCS Status: On | Outside Operational Temp: No | Operational: Yes
Temp (°C): 2.95364 | Solar Rad. (W/m²): 22.5012 | Grav. Anomaly (mGal): -30.2919 | ATCS Status: On | Outside Operational Temp: No | Operational: Yes
Temp (°C): 2.95364 | Solar Rad. (W/m²): 22.5012 | Grav. Anomaly (mGal): -32.0475 | ATCS Status: On | Outside Operational Temp: No | Operational: Yes
Temp (°C): 5.20096 | Solar Rad. (W/m²): 22.5012 | Grav. Anomaly (mGal): -32.0475 | ATCS Status: On | Outside Operational Temp: No | Operational: Yes
Temp (°C): 5.20096 | Solar Rad. (W/m²): 54.8372 | Grav. Anomaly (mGal): -32.0475 | ATCS Status: On | Outside Operational Temp: No | Operational: Yes
Temp (°C): 2.94918 | Solar Rad. (W/m²): 54.8372 | Grav. Anomaly (mGal): -32.0475 | ATCS Status: On | Outside Operational Temp: No | Operational: Yes
Temp (°C): 2.94918 | Solar Rad. (W/m²): 54.8372 | Grav. Anomaly (mGal): -26.39 | ATCS Status: On | Outside Operational Temp: No | Operational: Yes
Temp (°C): 3.13655 | Solar Rad. (W/m²): 54.8372 | Grav. Anomaly (mGal): -26.39 | ATCS Status: On | Outside Operational Temp: No | Operational: Yes
Temp (°C): 7.55285 | Solar Rad. (W/m²): 54.8372 | Grav. Anomaly (mGal): -26.39 | ATCS Status: On | Outside Operational Temp: No | Operational: Yes
Temp (°C): 7.55285 | Solar Rad. (W/m²): 75.1354 | Grav. Anomaly (mGal): -26.39 | ATCS Status: On | Outside Operational Temp: No | Operational: Yes
Temp (°C): 7.55285 | Solar Rad. (W/m²): 75.1354 | Grav. Anomaly (mGal): -18.2518 | ATCS Status: On | Outside Operational Temp: No | Operational: Yes
Temp (°C): 1.61485 | Solar Rad. (W/m²): 75.1354 | Grav. Anomaly (mGal): -18.2518 | ATCS Status: On | Outside Operational Temp: No | Operational: Yes
Temp (°C): 13.2701 | Solar Rad. (W/m²): 75.1354 | Grav. Anomaly (mGal): -18.2518 | ATCS Status: On | Outside Operational Temp: No | Operational: Yes
Temp (°C): 13.2701 | Solar Rad. (W/m²): 75.1354 | Grav. Anomaly (mGal): -23.7772 | ATCS Status: On | Outside Operational Temp: No | Operational: Yes
Temp (°C): 11.4586 | Solar Rad. (W/m²): 75.1354 | Grav. Anomaly (mGal): -23.7772 | ATCS Status: On | Outside Operational Temp: No | Operational: Yes
Temp (°C): 11.4586 | Solar Rad. (W/m²): 53.7543 | Grav. Anomaly (mGal): -23.7772 | ATCS Status: On | Outside Operational Temp: No | Operational: Yes
Temp (°C): 3.38887 | Solar Rad. (W/m²): 53.7543 | Grav. Anomaly (mGal): -23.7772 | ATCS Status: On | Outside Operational Temp: No | Operational: Yes
Temp (°C): 3.38887 | Solar Rad. (W/m²): 53.7543 | Grav. Anomaly (mGal): -38.14 | ATCS Status: On | Outside Operational Temp: No | Operational: Yes
Temp (°C): 8.54895 | Solar Rad. (W/m²): 53.7543 | Grav. Anomaly (mGal): -38.14 | ATCS Status: On | Outside Operational Temp: No | Operational: Yes
Temp (°C): 1.41057 | Solar Rad. (W/m²): 53.7543 | Grav. Anomaly (mGal): -38.14 | ATCS Status: On | Outside Operational Temp: No | Operational: Yes
Temp (°C): 1.41057 | Solar Rad. (W/m²): 53.277 | Grav. Anomaly (mGal): -38.14 | ATCS Status: On | Outside Operational Temp: No | Operational: Yes
Temp (°C): 1.41057 | Solar Rad. (W/m²): 53.277 | Grav. Anomaly (mGal): -53.3977 | ATCS Status: On | Outside Operational Temp: No | Operational: Yes
Temp (°C): 3.84285 | Solar Rad. (W/m²): 53.277 | Grav. Anomaly (mGal): -53.3977 | ATCS Status: On | Outside Operational Temp: No | Operational: Yes
Temp (°C): 6.12447 | Solar Rad. (W/m²): 53.277 | Grav. Anomaly (mGal): -53.3977 | ATCS Status: Off | Outside Operational Temp: No | Operational: Yes
Temp (°C): 6.12447 | Solar Rad. (W/m²): 53.277 | Grav. Anomaly (mGal): -47.3645 | ATCS Status: Off | Outside Operational Temp: No | Operational: Yes
Temp (°C): 12.8125 | Solar Rad. (W/m²): 53.277 | Grav. Anomaly (mGal): -47.3645 | ATCS Status: Off | Outside Operational Temp: No | Operational: Yes
Temp (°C): 12.8125 | Solar Rad. (W/m²): 61.7681 | Grav. Anomaly (mGal): -47.3645 | ATCS Status: Off | Outside Operational Temp: No | Operational: Yes
Temp (°C): 23.6945 | Solar Rad. (W/m²): 61.7681 | Grav. Anomaly (mGal): -47.3645 | ATCS Status: Off | Outside Operational Temp: Yes | Operational: Yes
Temp (°C): 23.6945 | Solar Rad. (W/m²): 61.7681 | Grav. Anomaly (mGal): -45.6651 | ATCS Status: Off | Outside Operational Temp: Yes | Operational: Yes
Temp (°C): 37.2746 | Solar Rad. (W/m²): 61.7681 | Grav. Anomaly (mGal): -45.6651 | ATCS Status: Off | Outside Operational Temp: Yes | Operational: Yes
Temp (°C): 67.6606 | Solar Rad. (W/m²): 61.7681 | Grav. Anomaly (mGal): -45.6651 | ATCS Status: Off | Outside Operational Temp: Yes | Operational: Yes
Temp (°C): 67.6606 | Solar Rad. (W/m²): 105.801 | Grav. Anomaly (mGal): -45.6651 | ATCS Status: Off | Outside Operational Temp: Yes | Operational: Yes
Temp (°C): 67.6606 | Solar Rad. (W/m²): 105.801 | Grav. Anomaly (mGal): -58.8992 | ATCS Status: Off | Outside Operational Temp: Yes | Operational: Yes
Temp (°C): 87.4876 | Solar Rad. (W/m²): 105.801 | Grav. Anomaly (mGal): -58.8992 | ATCS Status: Off | Outside Operational Temp: Yes | Operational: Yes
Temp (°C): 125 | Solar Rad. (W/m²): 105.801 | Grav. Anomaly (mGal): -58.8992 | ATCS Status: Off | Outside Operational Temp: Yes | Operational: Yes
Temp (°C): 125 | Solar Rad. (W/m²): 105.801 | Grav. Anomaly (mGal): -65.1547 | ATCS Status: Off | Outside Operational Temp: Yes | Operational: Yes
Temp (°C): 91.7815 | Solar Rad. (W/m²): 105.801 | Grav. Anomaly (mGal): -65.1547 | ATCS Status: Off | Outside Operational Temp: Yes | Operational: Yes
Temp (°C): 91.7815 | Solar Rad. (W/m²): 148.148 | Grav. Anomaly (mGal): -65.1547 | ATCS Status: Off | Outside Operational Temp: Yes | Operational: Yes
Temp (°C): 70.6869 | Solar Rad. (W/m²): 148.148 | Grav. Anomaly (mGal): -65.1547 | ATCS Status: Off | Outside Operational Temp: Yes | Operational: Yes
Temp (°C): 70.6869 | Solar Rad. (W/m²): 148.148 | Grav. Anomaly (mGal): -68.117 | ATCS Status: Off | Outside Operational Temp: Yes | Operational: Yes
Temp (°C): 47.4541 | Solar Rad. (W/m²): 148.148 | Grav. Anomaly (mGal): -68.117 | ATCS Status: Off | Outside Operational Temp: Yes | Operational: Yes
Temp (°C): 29.4541 | Solar Rad. (W/m²): 148.148 | Grav. Anomaly (mGal): -68.117 | ATCS Status: Off | Outside Operational Temp: Yes | Operational: Yes
Temp (°C): 29.4541 | Solar Rad. (W/m²): 135.483 | Grav. Anomaly (mGal): -68.117 | ATCS Status: Off | Outside Operational Temp: Yes | Operational: Yes
Temp (°C): 29.4541 | Solar Rad. (W/m²): 135.483 | Grav. Anomaly (mGal): -70 | ATCS Status: Off | Outside Operational Temp: Yes | Operational: Yes
Temp (°C): 20.9602 | Solar Rad. (W/m²): 135.483 | Grav. Anomaly (mGal): -70 | ATCS Status: Off | Outside Operational Temp: Yes | Operational: Yes
Temp (°C): -21.5988 | Solar Rad. (W/m²): 135.483 | Grav. Anomaly (mGal): -70 | ATCS Status: Off | Outside Operational Temp: Yes | Operational: Yes
Temp (°C): -21.5988 | Solar Rad. (W/m²): 135.483 | Grav. Anomaly (mGal): -63.9926 | ATCS Status: Off | Outside Operational Temp: Yes | Operational: Yes
Temp (°C): -18.6356 | Solar Rad. (W/m²): 135.483 | Grav. Anomaly (mGal): -63.9926 | ATCS Status: Off | Outside Operational Temp: Yes | Operational: Yes
Temp (°C): -18.6356 | Solar Rad. (W/m²): 112.441 | Grav. Anomaly (mGal): -63.9926 | ATCS Status: Off | Outside Operational Temp: Yes | Operational: Yes
Temp (°C): 29.6331 | Solar Rad. (W/m²): 112.441 | Grav. Anomaly (mGal): -63.9926 | ATCS Status: Off | Outside Operational Temp: Yes | Operational: Yes
Temp (°C): 29.6331 | Solar Rad. (W/m²): 112.441 | Grav. Anomaly (mGal): -63.1003 | ATCS Status: Off | Outside Operational Temp: Yes | Operational: Yes
Temp (°C): 25.0216 | Solar Rad. (W/m²): 112.441 | Grav. Anomaly (mGal): -63.1003 | ATCS Status: Off | Outside Operational Temp: Yes | Operational: Yes
Temp (°C): 8.23821 | Solar Rad. (W/m²): 0 | Grav. Anomaly (mGal): 0 | ATCS Status: On | Outside Operational Temp: No | Operational: Yes
Temp (°C): 2.06927 | Solar Rad. (W/m²): 0 | Grav. Anomaly (mGal): -16.8804 | ATCS Status: On | Outside Operational Temp: No | Operational: Yes
Temp (°C): 2.06927 | Solar Rad. (W/m²): 0 | Grav. Anomaly (mGal): -16.8804 | ATCS Status: On | Outside Operational Temp: No | Operational: Yes
Temp (°C): 2.06927 | Solar Rad. (W/m²): 129.499 | Grav. Anomaly (mGal): -16.8804 | ATCS Status: On | Outside Operational Temp: No | Operational: Yes
Temp (°C): 7.65951 | Solar Rad. (W/m²): 129.499 | Grav. Anomaly (mGal): -16.8804 | ATCS Status: On | Outside Operational Temp: No | Operational: Yes
Temp (°C): 7.65951 | Solar Rad. (W/m²): 129.499 | Grav. Anomaly (mGal): 2.40124 | ATCS Status: On | Outside Operational Temp: No | Operational: Yes
Temp (°C): 2.7943 | Solar Rad. (W/m²): 129.499 | Grav. Anomaly (mGal): 2.40124 | ATCS Status: On | Outside Operational Temp: No | Operational: Yes
Temp (°C): 8.98824 | Solar Rad. (W/m²): 129.499 | Grav. Anomaly (mGal): 2.40124 | ATCS Status: On | Outside Operational Temp: No | Operational: Yes
Temp (°C): 8.98824 | Solar Rad. (W/m²): 111.531 | Grav. Anomaly (mGal): 2.40124 | ATCS Status: On | Outside Operational Temp: No | Operational: Yes
Temp (°C): 8.98824 | Solar Rad. (W/m²): 111.531 | Grav. Anomaly (mGal): 2.32642 | ATCS Status: On | Outside Operational Temp: No | Operational: Yes
Temp (°C): 1.82953 | Solar Rad. (W/m²): 111.531 | Grav. Anomaly (mGal): 2.32642 | ATCS Status: On | Outside Operational Temp: No | Operational: Yes
Temp (°C): 11.2135 | Solar Rad. (W/m²): 111.531 | Grav. Anomaly (mGal): 2.32642 | ATCS Status: On | Outside Operational Temp: No | Operational: Yes
Temp (°C): 11.2135 | Solar Rad. (W/m²): 111.531 | Grav. Anomaly (mGal): -13.7551 | ATCS Status: On | Outside Operational Temp: No | Operational: Yes
Temp (°C): 9.105 | Solar Rad. (W/m²): 111.531 | Grav. Anomaly (mGal): -13.7551 | ATCS Status: On | Outside Operational Temp: No | Operational: Yes
Temp (°C): 9.105 | Solar Rad. (W/m²): 89.2085 | Grav. Anomaly (mGal): -13.7551 | ATCS Status: On | Outside Operational Temp: No | Operational: Yes
Temp (°C): 8.97716 | Solar Rad. (W/m²): 89.2085 | Grav. Anomaly (mGal): -13.7551 | ATCS Status: On | Outside Operational Temp: No | Operational: Yes
Temp (°C): 8.97716 | Solar Rad. (W/m²): 89.2085 | Grav. Anomaly (mGal): -18.9711 | ATCS Status: On | Outside Operational Temp: No | Operational: Yes
Temp (°C): -3.01774 | Solar Rad. (W/m²): 89.2085 | Grav. Anomaly (mGal): -18.9711 | ATCS Status: On | Outside Operational Temp: No | Operational: Yes
Temp (°C): -2.12835 | Solar Rad. (W/m²): 89.2085 | Grav. Anomaly (mGal): -18.9711 | ATCS Status: On | Outside Operational Temp: No | Operational: Yes
Temp (°C): -2.12835 | Solar Rad. (W/m²): 43.3688 | Grav. Anomaly (mGal): -30.9554 | ATCS Status: On | Outside Operational Temp: No | Operational: Yes
Temp (°C): -2.12835 | Solar Rad. (W/m²): 43.3688 | Grav. Anomaly (mGal): -30.9554 | ATCS Status: On | Outside Operational Temp: No | Operational: Yes
Temp (°C): 1.59355 | Solar Rad. (W/m²): 43.3688 | Grav. Anomaly (mGal): -30.9554 | ATCS Status: On | Outside Operational Temp: No | Operational: Yes
Temp (°C): 13.5618 | Solar Rad. (W/m²): 43.3688 | Grav. Anomaly (mGal): -30.9554 | ATCS Status: On | Outside Operational Temp: No | Operational: Yes
Temp (°C): 13.5618 | Solar Rad. (W/m²): 43.3688 | Grav. Anomaly (mGal): -42.3949 | ATCS Status: On | Outside Operational Temp: No | Operational: Yes
Temp (°C): 5.99136 | Solar Rad. (W/m²): 43.3688 | Grav. Anomaly (mGal): -42.3949 | ATCS Status: On | Outside Operational Temp: No | Operational: Yes
Temp (°C): 5.99136 | Solar Rad. (W/m²): 0.648766 | Grav. Anomaly (mGal): -42.3949 | ATCS Status: On | Outside Operational Temp: No | Operational: Yes
Temp (°C): 3.74063 | Solar Rad. (W/m²): 0.648766 | Grav. Anomaly (mGal): -42.3949 | ATCS Status: On | Outside Operational Temp: No | Operational: Yes
Temp (°C): 3.74063 | Solar Rad. (W/m²): 0.648766 | Grav. Anomaly (mGal): -32.2968 | ATCS Status: On | Outside Operational Temp: No | Operational: Yes
Temp (°C): 3.84646 | Solar Rad. (W/m²): 0.648766 | Grav. Anomaly (mGal): -32.2968 | ATCS Status: On | Outside Operational Temp: No | Operational: Yes
Temp (°C): 11.2026 | Solar Rad. (W/m²): 0.648766 | Grav. Anomaly (mGal): -32.2968 | ATCS Status: On | Outside Operational Temp: No | Operational: Yes
Temp (°C): 11.2026 | Solar Rad. (W/m²): 15.0879 | Grav. Anomaly (mGal): -23.6926 | ATCS Status: On | Outside Operational Temp: No | Operational: Yes
Temp (°C): 11.2026 | Solar Rad. (W/m²): 15.0879 | Grav. Anomaly (mGal): -23.6926 | ATCS Status: On | Outside Operational Temp: No | Operational: Yes
Temp (°C): 5.62369 | Solar Rad. (W/m²): 15.0879 | Grav. Anomaly (mGal): -23.6926 | ATCS Status: On | Outside Operational Temp: No | Operational: Yes
Temp (°C): -5.27705 | Solar Rad. (W/m²): 15.0879 | Grav. Anomaly (mGal): -23.6926 | ATCS Status: On | Outside Operational Temp: Yes | Operational: Yes
Temp (°C): -5.27705 | Solar Rad. (W/m²): 15.0879 | Grav. Anomaly (mGal): -9.08934 | ATCS Status: On | Outside Operational Temp: Yes | Operational: Yes
Temp (°C): -1.53941 | Solar Rad. (W/m²): 15.0879 | Grav. Anomaly (mGal): -9.08934 | ATCS Status: On | Outside Operational Temp: No | Operational: Yes
Temp (°C): -1.53941 | Solar Rad. (W/m²): 0 | Grav. Anomaly (mGal): -9.08934 | ATCS Status: On | Outside Operational Temp: No | Operational: Yes
Temp (°C): 0.420697 | Solar Rad. (W/m²): 0 | Grav. Anomaly (mGal): -9.08934 | ATCS Status: On | Outside Operational Temp: No | Operational: Yes
Temp (°C): 0.420697 | Solar Rad. (W/m²): 0 | Grav. Anomaly (mGal): 6.72571 | ATCS Status: On | Outside Operational Temp: No | Operational: Yes
Temp (°C): 7.96856 | Solar Rad. (W/m²): 0 | Grav. Anomaly (mGal): 6.72571 | ATCS Status: On | Outside Operational Temp: No | Operational: Yes
Temp (°C): -0.200985 | Solar Rad. (W/m²): 0 | Grav. Anomaly (mGal): 6.72571 | ATCS Status: On | Outside Operational Temp: No | Operational: Yes
Temp (°C): -0.200985 | Solar Rad. (W/m²): 0 | Grav. Anomaly (mGal): 20.759 | ATCS Status: On | Outside Operational Temp: No | Operational: Yes
Temp (°C): -0.200985 | Solar Rad. (W/m²): 0 | Grav. Anomaly (mGal): 20.759 | ATCS Status: On | Outside Operational Temp: No | Operational: Yes
Temp (°C): 1.2104 | Solar Rad. (W/m²): 0 | Grav. Anomaly (mGal): 20.759 | ATCS Status: On | Outside Operational Temp: No | Operational: Yes
Temp (°C): 6.59425 | Solar Rad. (W/m²): 0 | Grav. Anomaly (mGal): 20.759 | ATCS Status: On | Outside Operational Temp: No | Operational: Yes
Temp (°C): 6.59425 | Solar Rad. (W/m²): 0 | Grav. Anomaly (mGal): 38.3244 | ATCS Status: On | Outside Operational Temp: No | Operational: Yes
Temp (°C): 1.66733 | Solar Rad. (W/m²): 0 | Grav. Anomaly (mGal): 38.3244 | ATCS Status: On | Outside Operational Temp: No | Operational: Yes
Temp (°C): 1.66733 | Solar Rad. (W/m²): 0 | Grav. Anomaly (mGal): 38.3244 | ATCS Status: On | Outside Operational Temp: No | Operational: Yes
Temp (°C): 10.2567 | Solar Rad. (W/m²): 0 | Grav. Anomaly (mGal): 38.3244 | ATCS Status: On | Outside Operational Temp: No | Operational: Yes
Temp (°C): 10.2567 | Solar Rad. (W/m²): 0 | Grav. Anomaly (mGal): 56.7105 | ATCS Status: On | Outside Operational Temp: No | Operational: Yes
Temp (°C): 5.26426 | Solar Rad. (W/m²): 0 | Grav. Anomaly (mGal): 56.7105 | ATCS Status: On | Outside Operational Temp: No | Operational: Yes
Temp (°C): -5.26578 | Solar Rad. (W/m²): 0 | Grav. Anomaly (mGal): 56.7105 | ATCS Status: On | Outside Operational Temp: Yes | Operational: Yes
Temp (°C): -5.26578 | Solar Rad. (W/m²): 0 | Grav. Anomaly (mGal): 56.7105 | ATCS Status: On | Outside Operational Temp: Yes | Operational: Yes
Temp (°C): -5.26578 | Solar Rad. (W/m²): 0 | Grav. Anomaly (mGal): 38.1696 | ATCS Status: On | Outside Operational Temp: Yes | Operational: Yes
Temp (°C): -4.62661 | Solar Rad. (W/m²): 0 | Grav. Anomaly (mGal): 38.1696 | ATCS Status: On | Outside Operational Temp: No | Operational: Yes
Temp (°C): -3.89561 | Solar Rad. (W/m²): 0 | Grav. Anomaly (mGal): 38.1696 | ATCS Status: On | Outside Operational Temp: No | Operational: Yes
Temp (°C): -3.89561 | Solar Rad. (W/m²): 0 | Grav. Anomaly (mGal): 37.9279 | ATCS Status: On | Outside Operational Temp: No | Operational: Yes
Temp (°C): 1.6724 | Solar Rad. (W/m²): 0 | Grav. Anomaly (mGal): 37.9279 | ATCS Status: On | Outside Operational Temp: No | Operational: Yes
Temp (°C): 1.6724 | Solar Rad. (W/m²): 1.88149 | Grav. Anomaly (mGal): 37.9279 | ATCS Status: On | Outside Operational Temp: No | Operational: Yes
Temp (°C): 5.18841 | Solar Rad. (W/m²): 1.88149 | Grav. Anomaly (mGal): 37.9279 | ATCS Status: On | Outside Operational Temp: No | Operational: Yes
Temp (°C): 5.18841 | Solar Rad. (W/m²): 1.88149 | Grav. Anomaly (mGal): 57.3956 | ATCS Status: On | Outside Operational Temp: No | Operational: Yes
Temp (°C): -4.85375 | Solar Rad. (W/m²): 1.88149 | Grav. Anomaly (mGal): 57.3956 | ATCS Status: On | Outside Operational Temp: No | Operational: Yes
Temp (°C): -3.83155 | Solar Rad. (W/m²): 1.88149 | Grav. Anomaly (mGal): 57.3956 | ATCS Status: On | Outside Operational Temp: No | Operational: Yes
Temp (°C): -3.83155 | Solar Rad. (W/m²): 44.8279 | Grav. Anomaly (mGal): 57.3956 | ATCS Status: On | Outside Operational Temp: No | Operational: Yes
Temp (°C): -3.83155 | Solar Rad. (W/m²): 44.8279 | Grav. Anomaly (mGal): 46.9957 | ATCS Status: On | Outside Operational Temp: No | Operational: Yes
Temp (°C): 2.19172 | Solar Rad. (W/m²): 44.8279 | Grav. Anomaly (mGal): 46.9957 | ATCS Status: On | Outside Operational Temp: No | Operational: Yes
Temp (°C): 11.8886 | Solar Rad. (W/m²): 44.8279 | Grav. Anomaly (mGal): 46.9957 | ATCS Status: On | Outside Operational Temp: No | Operational: Yes
Temp (°C): 11.8886 | Solar Rad. (W/m²): 44.8279 | Grav. Anomaly (mGal): 66.4878 | ATCS Status: On | Outside Operational Temp: No | Operational: Yes
Temp (°C): 8.84971 | Solar Rad. (W/m²): 44.8279 | Grav. Anomaly (mGal): 66.4878 | ATCS Status: On | Outside Operational Temp: No | Operational: Yes
Temp (°C): 8.84971 | Solar Rad. (W/m²): 5.89386 | Grav. Anomaly (mGal): 66.4878 | ATCS Status: On | Outside Operational Temp: No | Operational: Yes
Temp (°C): 2.35806 | Solar Rad. (W/m²): 0 | Grav. Anomaly (mGal): 0 | ATCS Status: On | Outside Operational Temp: No | Operational: Yes
Temp (°C): 2.35806 | Solar Rad. (W/m²): 0 | Grav. Anomaly (mGal): 34.4793 | ATCS Status: On | Outside Operational Temp: No | Operational: Yes
Temp (°C): 7.52227 | Solar Rad. (W/m²): 0 | Grav. Anomaly (mGal): 34.4793 | ATCS Status: On | Outside Operational Temp: No | Operational: Yes
Temp (°C): 7.52227 | Solar Rad. (W/m²): 195.726 | Grav. Anomaly (mGal): 34.4793 | ATCS Status: On | Outside Operational Temp: No | Operational: Yes
Temp (°C): -1.9475 | Solar Rad. (W/m²): 195.726 | Grav. Anomaly (mGal): 34.4793 | ATCS Status: On | Outside Operational Temp: No | Operational: Yes
Temp (°C): -1.9475 | Solar Rad. (W/m²): 195.726 | Grav. Anomaly (mGal): 20.4364 | ATCS Status: On | Outside Operational Temp: No | Operational: Yes
Temp (°C): 2.37232 | Solar Rad. (W/m²): 195.726 | Grav. Anomaly (mGal): 20.4364 | ATCS Status: On | Outside Operational Temp: No | Operational: Yes
Temp (°C): 12.9847 | Solar Rad. (W/m²): 195.726 | Grav. Anomaly (mGal): 20.4364 | ATCS Status: On | Outside Operational Temp: No | Operational: Yes
Temp (°C): 12.9847 | Solar Rad. (W/m²): 195.726 | Grav. Anomaly (mGal): 20.6505 | ATCS Status: On | Outside Operational Temp: No | Operational: Yes
Temp (°C): 12.9847 | Solar Rad. (W/m²): 189.891 | Grav. Anomaly (mGal): 20.6505 | ATCS Status: On | Outside Operational Temp: No | Operational: Yes
Temp (°C): 10.5541 | Solar Rad. (W/m²): 189.891 | Grav. Anomaly (mGal): 20.6505 | ATCS Status: On | Outside Operational Temp: No | Operational: Yes
Temp (°C): 7.25556 | Solar Rad. (W/m²): 189.891 | Grav. Anomaly (mGal): 20.6505 | ATCS Status: On | Outside Operational Temp: No | Operational: Yes
Temp (°C): 7.25556 | Solar Rad. (W/m²): 189.891 | Grav. Anomaly (mGal): 17.4195 | ATCS Status: On | Outside Operational Temp: No | Operational: Yes
Temp (°C): -2.59864 | Solar Rad. (W/m²): 189.891 | Grav. Anomaly (mGal): 17.4195 | ATCS Status: On | Outside Operational Temp: No | Operational: Yes
Temp (°C): -2.59864 | Solar Rad. (W/m²): 193.157 | Grav. Anomaly (mGal): 17.4195 | ATCS Status: On | Outside Operational Temp: No | Operational: Yes
Temp (°C): -0.382985 | Solar Rad. (W/m²): 193.157 | Grav. Anomaly (mGal): 17.4195 | ATCS Status: On | Outside Operational Temp: No | Operational: Yes
Temp (°C): -0.382985 | Solar Rad. (W/m²): 193.157 | Grav. Anomaly (mGal): 25.0209 | ATCS Status: On | Outside Operational Temp: No | Operational: Yes
Temp (°C): 9.54827 | Solar Rad. (W/m²): 193.157 | Grav. Anomaly (mGal): 25.0209 | ATCS Status: On | Outside Operational Temp: No | Operational: Yes
Temp (°C): 8.59356 | Solar Rad. (W/m²): 193.157 | Grav. Anomaly (mGal): 25.0209 | ATCS Status: On | Outside Operational Temp: No | Operational: Yes
Temp (°C): 8.59356 | Solar Rad. (W/m²): 193.157 | Grav. Anomaly (mGal): 21.4842 | ATCS Status: On | Outside Operational Temp: No | Operational: Yes
Temp (°C): 8.59356 | Solar Rad. (W/m²): 164.125 | Grav. Anomaly (mGal): 21.4842 | ATCS Status: On | Outside Operational Temp: No | Operational: Yes
Temp (°C): 1.95461 | Solar Rad. (W/m²): 164.125 | Grav. Anomaly (mGal): 21.4842 | ATCS Status: On | Outside Operational Temp: No | Operational: Yes
Temp (°C): 10.3445 | Solar Rad. (W/m²): 164.125 | Grav. Anomaly (mGal): 21.4842 | ATCS Status: On | Outside Operational Temp: No | Operational: Yes
Temp (°C): 10.3445 | Solar Rad. (W/m²): 164.125 | Grav. Anomaly (mGal): 10.5807 | ATCS Status: On | Outside Operational Temp: No | Operational: Yes
Temp (°C): 6.0842 | Solar Rad. (W/m²): 164.125 | Grav. Anomaly (mGal): 10.5807 | ATCS Status: On | Outside Operational Temp: No | Operational: Yes
Temp (°C): 6.0842 | Solar Rad. (W/m²): 189.847 | Grav. Anomaly (mGal): 10.5807 | ATCS Status: On | Outside Operational Temp: No | Operational: Yes
Temp (°C): -5.63816 | Solar Rad. (W/m²): 189.847 | Grav. Anomaly (mGal): 10.5807 | ATCS Status: On | Outside Operational Temp: Yes | Operational: Yes
Temp (°C): -5.63816 | Solar Rad. (W/m²): 189.847 | Grav. Anomaly (mGal): 12.3928 | ATCS Status: On | Outside Operational Temp: Yes | Operational: Yes
Temp (°C): -3.40678 | Solar Rad. (W/m²): 189.847 | Grav. Anomaly (mGal): 12.3928 | ATCS Status: On | Outside Operational Temp: No | Operational: Yes
Temp (°C): 2.88291 | Solar Rad. (W/m²): 189.847 | Grav. Anomaly (mGal): 12.3928 | ATCS Status: On | Outside Operational Temp: No | Operational: Yes
Temp (°C): 2.88291 | Solar Rad. (W/m²): 189.847 | Grav. Anomaly (mGal): 28.6396 | ATCS Status: On | Outside Operational Temp: No | Operational: Yes
Temp (°C): 2.88291 | Solar Rad. (W/m²): 203.394 | Grav. Anomaly (mGal): 28.6396 | ATCS Status: On | Outside Operational Temp: No | Operational: Yes
Temp (°C): 9.56036 | Solar Rad. (W/m²): 203.394 | Grav. Anomaly (mGal): 28.6396 | ATCS Status: On | Outside Operational Temp: No | Operational: Yes
Temp (°C): -0.554861 | Solar Rad. (W/m²): 203.394 | Grav. Anomaly (mGal): 28.6396 | ATCS Status: On | Outside Operational Temp: No | Operational: Yes
Temp (°C): -0.554861 | Solar Rad. (W/m²): 203.394 | Grav. Anomaly (mGal): 44.2424 | ATCS Status: On | Outside Operational Temp: No | Operational: Yes
Temp (°C): 2.60973 | Solar Rad. (W/m²): 203.394 | Grav. Anomaly (mGal): 44.2424 | ATCS Status: On | Outside Operational Temp: No | Operational: Yes
Temp (°C): 2.60973 | Solar Rad. (W/m²): 243.574 | Grav. Anomaly (mGal): 44.2424 | ATCS Status: On | Outside Operational Temp: No | Operational: Yes
Temp (°C): 13.78 | Solar Rad. (W/m²): 243.574 | Grav. Anomaly (mGal): 44.2424 | ATCS Status: On | Outside Operational Temp: No | Operational: Yes
Temp (°C): 13.78 | Solar Rad. (W/m²): 243.574 | Grav. Anomaly (mGal): 59.2488 | ATCS Status: On | Outside Operational Temp: No | Operational: Yes
Temp (°C): 5.8262 | Solar Rad. (W/m²): 243.574 | Grav. Anomaly (mGal): 59.2488 | ATCS Status: On | Outside Operational Temp: No | Operational: Yes
Temp (°C): 5.49668 | Solar Rad. (W/m²): 243.574 | Grav. Anomaly (mGal): 59.2488 | ATCS Status: On | Outside Operational Temp: No | Operational: Yes
Temp (°C): 5.49668 | Solar Rad. (W/m²): 243.574 | Grav. Anomaly (mGal): 56.8165 | ATCS Status: On | Outside Operational Temp: No | Operational: Yes
Temp (°C): 5.49668 | Solar Rad. (W/m²): 274.531 | Grav. Anomaly (mGal): 56.8165 | ATCS Status: On | Outside Operational Temp: No | Operational: Yes
Temp (°C): -6.16657 | Solar Rad. (W/m²): 274.531 | Grav. Anomaly (mGal): 56.8165 | ATCS Status: On | Outside Operational Temp: Yes | Operational: Yes
Temp (°C): 5.72192 | Solar Rad. (W/m²): 274.531 | Grav. Anomaly (mGal): 56.8165 | ATCS Status: On | Outside Operational Temp: No | Operational: Yes
Temp (°C): 5.72192 | Solar Rad. (W/m²): 274.531 | Grav. Anomaly (mGal): 46.3831 | ATCS Status: On | Outside Operational Temp: No | Operational: Yes
Temp (°C): 1.9482 | Solar Rad. (W/m²): 274.531 | Grav. Anomaly (mGal): 46.3831 | ATCS Status: On | Outside Operational Temp: No | Operational: Yes
