h:\year 2 v2\secure software\assignment 2\006\coursework\debug\vc141.pdb
h:\year 2 v2\secure software\assignment 2\006\coursework\debug\vc141.idb
h:\year 2 v2\secure software\assignment 2\006\coursework\debug\watertypefactory.nativecodeanalysis.xml
h:\year 2 v2\secure software\assignment 2\006\coursework\debug\watertype.nativecodeanalysis.xml
h:\year 2 v2\secure software\assignment 2\006\coursework\debug\user.nativecodeanalysis.xml
h:\year 2 v2\secure software\assignment 2\006\coursework\debug\sensors.nativecodeanalysis.xml
h:\year 2 v2\secure software\assignment 2\006\coursework\debug\sea.nativecodeanalysis.xml
h:\year 2 v2\secure software\assignment 2\006\coursework\debug\river.nativecodeanalysis.xml
h:\year 2 v2\secure software\assignment 2\006\coursework\debug\proofofid.nativecodeanalysis.xml
h:\year 2 v2\secure software\assignment 2\006\coursework\debug\main.nativecodeanalysis.xml
h:\year 2 v2\secure software\assignment 2\006\coursework\debug\lake.nativecodeanalysis.xml
h:\year 2 v2\secure software\assignment 2\006\coursework\debug\authinfo.nativecodeanalysis.xml
h:\year 2 v2\secure software\assignment 2\006\coursework\debug\auth.nativecodeanalysis.xml
h:\year 2 v2\secure software\assignment 2\006\coursework\debug\auth.obj
h:\year 2 v2\secure software\assignment 2\006\coursework\debug\authinfo.obj
h:\year 2 v2\secure software\assignment 2\006\coursework\debug\lake.obj
h:\year 2 v2\secure software\assignment 2\006\coursework\debug\main.obj
h:\year 2 v2\secure software\assignment 2\006\coursework\debug\proofofid.obj
h:\year 2 v2\secure software\assignment 2\006\coursework\debug\river.obj
h:\year 2 v2\secure software\assignment 2\006\coursework\debug\sea.obj
h:\year 2 v2\secure software\assignment 2\006\coursework\debug\sensors.obj
h:\year 2 v2\secure software\assignment 2\006\coursework\debug\user.obj
h:\year 2 v2\secure software\assignment 2\006\coursework\debug\watertype.obj
h:\year 2 v2\secure software\assignment 2\006\coursework\debug\watertypefactory.obj
h:\year 2 v2\secure software\assignment 2\006\debug\coursework.ilk
h:\year 2 v2\secure software\assignment 2\006\debug\coursework.exe
h:\year 2 v2\secure software\assignment 2\006\debug\coursework.pdb
h:\year 2 v2\secure software\assignment 2\006\coursework\debug\nativecodeanalysis.read.1.tlog
h:\year 2 v2\secure software\assignment 2\006\coursework\debug\vc.nativecodeanalysis.all.xml
h:\year 2 v2\secure software\assignment 2\006\debug\coursework.exe.lastcodeanalysissucceeded
h:\year 2 v2\secure software\assignment 2\006\coursework\debug\coursework.tlog\cl.read.1.tlog
h:\year 2 v2\secure software\assignment 2\006\coursework\debug\coursework.tlog\cl.write.1.tlog
h:\year 2 v2\secure software\assignment 2\006\coursework\debug\coursework.tlog\cl.command.1.tlog
h:\year 2 v2\secure software\assignment 2\006\coursework\debug\coursework.tlog\link.read.1.tlog
h:\year 2 v2\secure software\assignment 2\006\coursework\debug\coursework.tlog\link.write.1.tlog
h:\year 2 v2\secure software\assignment 2\006\coursework\debug\coursework.tlog\link.command.1.tlog
