h:\year 2 v2\secure software\assignment 2\036\ssd_cs2s562\debug\vc141.pdb
h:\year 2 v2\secure software\assignment 2\036\ssd_cs2s562\debug\vc141.idb
h:\year 2 v2\secure software\assignment 2\036\ssd_cs2s562\debug\txtfilelogger.nativecodeanalysis.xml
h:\year 2 v2\secure software\assignment 2\036\ssd_cs2s562\debug\temperature.nativecodeanalysis.xml
h:\year 2 v2\secure software\assignment 2\036\ssd_cs2s562\debug\subject.nativecodeanalysis.xml
h:\year 2 v2\secure software\assignment 2\036\ssd_cs2s562\debug\status.nativecodeanalysis.xml
h:\year 2 v2\secure software\assignment 2\036\ssd_cs2s562\debug\proofofid.nativecodeanalysis.xml
h:\year 2 v2\secure software\assignment 2\036\ssd_cs2s562\debug\interface.nativecodeanalysis.xml
h:\year 2 v2\secure software\assignment 2\036\ssd_cs2s562\debug\main.nativecodeanalysis.xml
h:\year 2 v2\secure software\assignment 2\036\ssd_cs2s562\debug\loggerfactorym.nativecodeanalysis.xml
h:\year 2 v2\secure software\assignment 2\036\ssd_cs2s562\debug\loggerdecorator.nativecodeanalysis.xml
h:\year 2 v2\secure software\assignment 2\036\ssd_cs2s562\debug\internet.nativecodeanalysis.xml
h:\year 2 v2\secure software\assignment 2\036\ssd_cs2s562\debug\electric.nativecodeanalysis.xml
h:\year 2 v2\secure software\assignment 2\036\ssd_cs2s562\debug\consolelogger.nativecodeanalysis.xml
h:\year 2 v2\secure software\assignment 2\036\ssd_cs2s562\debug\binfilelogger.nativecodeanalysis.xml
h:\year 2 v2\secure software\assignment 2\036\ssd_cs2s562\debug\authenticatorinfo.nativecodeanalysis.xml
h:\year 2 v2\secure software\assignment 2\036\ssd_cs2s562\debug\authenticator.nativecodeanalysis.xml
h:\year 2 v2\secure software\assignment 2\036\ssd_cs2s562\debug\authenticator.obj
h:\year 2 v2\secure software\assignment 2\036\ssd_cs2s562\debug\authenticatorinfo.obj
h:\year 2 v2\secure software\assignment 2\036\ssd_cs2s562\debug\binfilelogger.obj
h:\year 2 v2\secure software\assignment 2\036\ssd_cs2s562\debug\consolelogger.obj
h:\year 2 v2\secure software\assignment 2\036\ssd_cs2s562\debug\electric.obj
h:\year 2 v2\secure software\assignment 2\036\ssd_cs2s562\debug\internet.obj
h:\year 2 v2\secure software\assignment 2\036\ssd_cs2s562\debug\loggerdecorator.obj
h:\year 2 v2\secure software\assignment 2\036\ssd_cs2s562\debug\loggerfactorym.obj
h:\year 2 v2\secure software\assignment 2\036\ssd_cs2s562\debug\main.obj
h:\year 2 v2\secure software\assignment 2\036\ssd_cs2s562\debug\interface.obj
h:\year 2 v2\secure software\assignment 2\036\ssd_cs2s562\debug\proofofid.obj
h:\year 2 v2\secure software\assignment 2\036\ssd_cs2s562\debug\status.obj
h:\year 2 v2\secure software\assignment 2\036\ssd_cs2s562\debug\subject.obj
h:\year 2 v2\secure software\assignment 2\036\ssd_cs2s562\debug\temperature.obj
h:\year 2 v2\secure software\assignment 2\036\ssd_cs2s562\debug\txtfilelogger.obj
h:\year 2 v2\secure software\assignment 2\036\debug\ssd_cs2s562.exe
h:\year 2 v2\secure software\assignment 2\036\debug\ssd_cs2s562.ilk
h:\year 2 v2\secure software\assignment 2\036\debug\ssd_cs2s562.pdb
h:\year 2 v2\secure software\assignment 2\036\ssd_cs2s562\debug\nativecodeanalysis.read.1.tlog
h:\year 2 v2\secure software\assignment 2\036\ssd_cs2s562\debug\vc.nativecodeanalysis.all.xml
h:\year 2 v2\secure software\assignment 2\036\debug\ssd_cs2s562.exe.lastcodeanalysissucceeded
h:\year 2 v2\secure software\assignment 2\036\ssd_cs2s562\debug\ssd_cs2s562.tlog\cl.read.1.tlog
h:\year 2 v2\secure software\assignment 2\036\ssd_cs2s562\debug\ssd_cs2s562.tlog\cl.write.1.tlog
h:\year 2 v2\secure software\assignment 2\036\ssd_cs2s562\debug\ssd_cs2s562.tlog\cl.command.1.tlog
h:\year 2 v2\secure software\assignment 2\036\ssd_cs2s562\debug\ssd_cs2s562.tlog\link.read.1.tlog
h:\year 2 v2\secure software\assignment 2\036\ssd_cs2s562\debug\ssd_cs2s562.tlog\link.write.1.tlog
h:\year 2 v2\secure software\assignment 2\036\ssd_cs2s562\debug\ssd_cs2s562.tlog\link.command.1.tlog
